Log file open, 04/19/21 14:08:55
LogWindows: Failed to load 'aqProf.dll' (GetLastError=126)
LogWindows: File 'aqProf.dll' does not exist
LogWindows: Failed to load 'VtuneApi.dll' (GetLastError=126)
LogWindows: File 'VtuneApi.dll' does not exist
LogWindows: Failed to load 'VtuneApi32e.dll' (GetLastError=126)
LogWindows: File 'VtuneApi32e.dll' does not exist
LogConsoleResponse: Display: Failed to find resolution value strings in scalability ini. Falling back to default.
LogInit: Display: Running engine for game: Heartwars
LogPlatformFile: Not using cached read wrapper
LogTaskGraph: Started task graph with 5 named threads and 23 total threads with 3 sets of task threads.
LogStats: Stats thread started at 0.083630
LogD3D11RHI: Loaded GFSDK_Aftermath_Lib.x64.dll
LogICUInternationalization: ICU TimeZone Detection - Raw Offset: +1:00, Platform Override: ''
LogPluginManager: Mounting plugin Paper2D
LogPluginManager: Mounting plugin AISupport
LogPluginManager: Mounting plugin LightPropagationVolume
LogPluginManager: Mounting plugin ActorLayerUtilities
LogPluginManager: Mounting plugin AnimationSharing
LogPluginManager: Mounting plugin CLionSourceCodeAccess
LogPluginManager: Mounting plugin CodeLiteSourceCodeAccess
LogPluginManager: Mounting plugin GitSourceControl
LogPluginManager: Mounting plugin KDevelopSourceCodeAccess
LogPluginManager: Mounting plugin NullSourceCodeAccess
LogPluginManager: Mounting plugin PerforceSourceControl
LogPluginManager: Mounting plugin SubversionSourceControl
LogPluginManager: Mounting plugin UObjectPlugin
LogPluginManager: Mounting plugin VisualStudioCodeSourceCodeAccess
LogPluginManager: Mounting plugin VisualStudioSourceCodeAccess
LogPluginManager: Mounting plugin XCodeSourceCodeAccess
LogPluginManager: Mounting plugin AssetManagerEditor
LogPluginManager: Mounting plugin CryptoKeys
LogPluginManager: Mounting plugin CurveEditorTools
LogPluginManager: Mounting plugin DataValidation
LogPluginManager: Mounting plugin FacialAnimation
LogPluginManager: Mounting plugin GameplayTagsEditor
LogPluginManager: Mounting plugin MacGraphicsSwitching
LogPluginManager: Mounting plugin MaterialAnalyzer
LogPluginManager: Mounting plugin MobileLauncherProfileWizard
LogPluginManager: Mounting plugin PluginBrowser
LogPluginManager: Mounting plugin SpeedTreeImporter
LogPluginManager: Mounting plugin DatasmithContent
LogPluginManager: Mounting plugin VariantManagerContent
LogPluginManager: Mounting plugin AlembicImporter
LogPluginManager: Mounting plugin AutomationUtils
LogPluginManager: Mounting plugin BackChannel
LogPluginManager: Mounting plugin CharacterAI
LogPluginManager: Mounting plugin GeometryCache
LogPluginManager: Mounting plugin HTML5Networking
LogPluginManager: Mounting plugin PlatformCrypto
LogPluginManager: Mounting plugin ProxyLODPlugin
LogPluginManager: Mounting plugin SkeletalReduction
LogPluginManager: Mounting plugin MagicLeap
LogPluginManager: Mounting plugin MagicLeapMedia
LogPluginManager: Mounting plugin AndroidMedia
LogPluginManager: Mounting plugin AvfMedia
LogPluginManager: Mounting plugin ImgMedia
LogPluginManager: Mounting plugin MediaCompositing
LogPluginManager: Mounting plugin MediaPlayerEditor
LogPluginManager: Mounting plugin WebMMedia
LogPluginManager: Mounting plugin WmfMedia
LogPluginManager: Mounting plugin TcpMessaging
LogPluginManager: Mounting plugin UdpMessaging
LogPluginManager: Mounting plugin ActorSequence
LogPluginManager: Mounting plugin LevelSequenceEditor
LogPluginManager: Mounting plugin MatineeToLevelSequence
LogPluginManager: Mounting plugin NetcodeUnitTest
LogPluginManager: Mounting plugin NUTUnrealEngine4
LogPluginManager: Mounting plugin OnlineSubsystemGooglePlay
LogPluginManager: Mounting plugin OnlineSubsystemIOS
LogPluginManager: Mounting plugin OnlineSubsystem
LogPluginManager: Mounting plugin OnlineSubsystemNull
LogPluginManager: Mounting plugin OnlineSubsystemUtils
LogPluginManager: Mounting plugin LauncherChunkInstaller
LogPluginManager: Mounting plugin AndroidDeviceProfileSelector
LogPluginManager: Mounting plugin AndroidMoviePlayer
LogPluginManager: Mounting plugin AndroidPermission
LogPluginManager: Mounting plugin AppleImageUtils
LogPluginManager: Mounting plugin AppleMoviePlayer
LogPluginManager: Mounting plugin ArchVisCharacter
LogPluginManager: Mounting plugin AudioCapture
LogPluginManager: Mounting plugin CableComponent
LogPluginManager: Mounting plugin CustomMeshComponent
LogPluginManager: Mounting plugin EditableMesh
LogPluginManager: Mounting plugin ExampleDeviceProfileSelector
LogPluginManager: Mounting plugin GoogleCloudMessaging
LogPluginManager: Mounting plugin IOSDeviceProfileSelector
LogPluginManager: Mounting plugin LinuxDeviceProfileSelector
LogPluginManager: Mounting plugin LocationServicesBPLibrary
LogPluginManager: Mounting plugin MobilePatchingUtils
LogPluginManager: Mounting plugin OculusVR
LogPluginManager: Mounting plugin PhysXVehicles
LogPluginManager: Mounting plugin ProceduralMeshComponent
LogPluginManager: Mounting plugin RuntimePhysXCooking
LogPluginManager: Mounting plugin SignificanceManager
LogPluginManager: Mounting plugin SteamVR
LogPluginManager: Mounting plugin WebMMoviePlayer
LogPluginManager: Mounting plugin WindowsMoviePlayer
LogPluginManager: Mounting plugin ScreenshotTools
LogInit: Using libcurl 7.55.1-DEV
LogInit:  - built for x86_64-pc-win32
LogInit:  - supports SSL with OpenSSL/1.1.1
LogInit:  - supports HTTP deflate (compression) using libz 1.2.8
LogInit:  - other features:
LogInit:      CURL_VERSION_SSL
LogInit:      CURL_VERSION_LIBZ
LogInit:      CURL_VERSION_IPV6
LogInit:      CURL_VERSION_ASYNCHDNS
LogInit:      CURL_VERSION_LARGEFILE
LogInit:      CURL_VERSION_IDN
LogInit:  CurlRequestOptions (configurable via config and command line):
LogInit:  - bVerifyPeer = true  - Libcurl will verify peer certificate
LogInit:  - bUseHttpProxy = false  - Libcurl will NOT use HTTP proxy
LogInit:  - bDontReuseConnections = false  - Libcurl will reuse connections
LogInit:  - MaxHostConnections = 16  - Libcurl will limit the number of connections to a host
LogInit:  - LocalHostAddr = Default
LogInit:  - BufferSize = 65536
LogOnline: OSS: Creating online subsystem instance for: NULL
LogInit: WinSock: version 1.1 (2.2), MaxSocks=32767, MaxUdp=65467
LogInit: Build: ++UE4+Release-4.23-CL-9631420
LogInit: Engine Version: 4.23.1-9631420+++UE4+Release-4.23
LogInit: Compatible Engine Version: 4.23.0-8386587+++UE4+Release-4.23
LogInit: Net CL: 8386587
LogInit: OS: Windows 10 (Release 2004) (), CPU: Intel(R) Core(TM) i7-6700 CPU @ 3.40GHz, GPU: NVIDIA GeForce GTX 970
LogInit: Compiled (64-bit): Oct 18 2019 02:07:44
LogInit: Compiled with Visual C++: 19.16.27030.01
LogInit: Build Configuration: Development
LogInit: Branch Name: ++UE4+Release-4.23
LogInit: Command Line:  -EpicPortal -epicusername=ROB1N21806 -epicuserid=da63a35e7bec4ea19f3c38fd60e401be -epiclocale=en
LogInit: Base Directory: E:/Program Files/Epic Games/UE_4.23/Engine/Binaries/Win64/
LogInit: Installed Engine Build: 1
LogDevObjectVersion: Number of dev versions registered: 23
LogDevObjectVersion:   Dev-Blueprints (B0D832E4-1F89-4F0D-ACCF-7EB736FD4AA2): 10
LogDevObjectVersion:   Dev-Build (E1C64328-A22C-4D53-A36C-8E866417BD8C): 0
LogDevObjectVersion:   Dev-Core (375EC13C-06E4-48FB-B500-84F0262A717E): 3
LogDevObjectVersion:   Dev-Editor (E4B068ED-F494-42E9-A231-DA0B2E46BB41): 34
LogDevObjectVersion:   Dev-Framework (CFFC743F-43B0-4480-9391-14DF171D2073): 35
LogDevObjectVersion:   Dev-Mobile (B02B49B5-BB20-44E9-A304-32B752E40360): 2
LogDevObjectVersion:   Dev-Networking (A4E4105C-59A1-49B5-A7C5-40C4547EDFEE): 0
LogDevObjectVersion:   Dev-Online (39C831C9-5AE6-47DC-9A44-9C173E1C8E7C): 0
LogDevObjectVersion:   Dev-Physics (78F01B33-EBEA-4F98-B9B4-84EACCB95AA2): 0
LogDevObjectVersion:   Dev-Platform (6631380F-2D4D-43E0-8009-CF276956A95A): 0
LogDevObjectVersion:   Dev-Rendering (12F88B9F-8875-4AFC-A67C-D90C383ABD29): 31
LogDevObjectVersion:   Dev-Sequencer (7B5AE74C-D270-4C10-A958-57980B212A5A): 11
LogDevObjectVersion:   Dev-VR (D7296918-1DD6-4BDD-9DE2-64A83CC13884): 2
LogDevObjectVersion:   Dev-LoadTimes (C2A15278-BFE7-4AFE-6C17-90FF531DF755): 1
LogDevObjectVersion:   Private-Geometry (6EACA3D4-40EC-4CC1-B786-8BED09428FC5): 3
LogDevObjectVersion:   Dev-AnimPhys (29E575DD-E0A3-4627-9D10-D276232CDCEA): 17
LogDevObjectVersion:   Dev-Anim (AF43A65D-7FD3-4947-9873-3E8ED9C1BB05): 2
LogDevObjectVersion:   Dev-ReflectionCapture (6B266CEC-1EC7-4B8F-A30B-E4D90942FC07): 1
LogDevObjectVersion:   Dev-Automation (0DF73D61-A23F-47EA-B727-89E90C41499A): 1
LogDevObjectVersion:   FortniteMain (601D1886-AC64-4F84-AA16-D3DE0DEAC7D6): 27
LogDevObjectVersion:   Dev-Enterprise (9DFFBCD6-494F-0158-E221-12823C92A888): 6
LogDevObjectVersion:   Dev-Niagara (F2AED0AC-9AFE-416F-8664-AA7FFA26D6FC): 1
LogDevObjectVersion:   Dev-Destruction (174F1F0B-B4C6-45A5-B13F-2EE8D0FB917D): 9
LogInit: Presizing for max 16777216 objects, including 0 objects not considered by GC, pre-allocating 0 bytes for permanent pool.
LogInit: Object subsystem initialized
LogConfig: Setting CVar [[con.DebugEarlyDefault:1]]
LogConfig: Setting CVar [[r.setres:1280x720]]
[2021.04.19-12.08.56:161][  0]LogConfig: Setting CVar [[r.VSync:0]]
[2021.04.19-12.08.56:161][  0]LogConfig: Setting CVar [[r.RHICmdBypass:0]]
[2021.04.19-12.08.56:161][  0]LogConfig: Applying CVar settings from Section [/Script/Engine.RendererSettings] File [E:/Studies/Game Production 2/Heartwars/Heartwars/Saved/Config/Windows/Engine.ini]
[2021.04.19-12.08.56:161][  0]LogConfig: Setting CVar [[r.GPUCrashDebugging:0]]
[2021.04.19-12.08.56:161][  0]LogConfig: Setting CVar [[r.MobileHDR:1]]
[2021.04.19-12.08.56:161][  0]LogConfig: Setting CVar [[r.Mobile.DisableVertexFog:1]]
[2021.04.19-12.08.56:161][  0]LogConfig: Setting CVar [[r.Shadow.CSM.MaxMobileCascades:2]]
[2021.04.19-12.08.56:161][  0]LogConfig: Setting CVar [[r.MobileMSAA:1]]
[2021.04.19-12.08.56:161][  0]LogConfig: Setting CVar [[r.Mobile.UseLegacyShadingModel:0]]
[2021.04.19-12.08.56:161][  0]LogConfig: Setting CVar [[r.Mobile.UseHWsRGBEncoding:0]]
[2021.04.19-12.08.56:161][  0]LogConfig: Setting CVar [[r.Mobile.AllowDitheredLODTransition:0]]
[2021.04.19-12.08.56:161][  0]LogConfig: Setting CVar [[r.Mobile.AllowSoftwareOcclusion:0]]
[2021.04.19-12.08.56:161][  0]LogConfig: Setting CVar [[r.DiscardUnusedQuality:0]]
[2021.04.19-12.08.56:161][  0]LogConfig: Setting CVar [[r.AllowOcclusionQueries:1]]
[2021.04.19-12.08.56:161][  0]LogConfig: Setting CVar [[r.MinScreenRadiusForLights:0.030000]]
[2021.04.19-12.08.56:161][  0]LogConfig: Setting CVar [[r.MinScreenRadiusForDepthPrepass:0.030000]]
[2021.04.19-12.08.56:161][  0]LogConfig: Setting CVar [[r.MinScreenRadiusForCSMDepth:0.010000]]
[2021.04.19-12.08.56:161][  0]LogConfig: Setting CVar [[r.PrecomputedVisibilityWarning:0]]
[2021.04.19-12.08.56:161][  0]LogConfig: Setting CVar [[r.TextureStreaming:1]]
[2021.04.19-12.08.56:161][  0]LogConfig: Setting CVar [[Compat.UseDXT5NormalMaps:0]]
[2021.04.19-12.08.56:161][  0]LogConfig: Setting CVar [[r.VirtualTextures:0]]
[2021.04.19-12.08.56:161][  0]LogConfig: Setting CVar [[r.VirtualTexturedLightmaps:0]]
[2021.04.19-12.08.56:161][  0]LogConfig: Setting CVar [[r.VT.TileSize:128]]
[2021.04.19-12.08.56:161][  0]LogConfig: Setting CVar [[r.VT.TileBorderSize:4]]
[2021.04.19-12.08.56:161][  0]LogConfig: Setting CVar [[r.vt.FeedbackFactor:16]]
[2021.04.19-12.08.56:161][  0]LogConfig: Setting CVar [[r.VT.EnableCompressZlib:1]]
[2021.04.19-12.08.56:161][  0]LogConfig: Setting CVar [[r.VT.EnableCompressCrunch:0]]
[2021.04.19-12.08.56:161][  0]LogConfig: Setting CVar [[r.ClearCoatNormal:0]]
[2021.04.19-12.08.56:161][  0]LogConfig: Setting CVar [[r.ReflectionCaptureResolution:128]]
[2021.04.19-12.08.56:161][  0]LogConfig: Setting CVar [[r.ReflectionEnvironmentLightmapMixBasedOnRoughness:1]]
[2021.04.19-12.08.56:161][  0]LogConfig: Setting CVar [[r.ForwardShading:0]]
[2021.04.19-12.08.56:161][  0]LogConfig: Setting CVar [[r.VertexFoggingForOpaque:1]]
[2021.04.19-12.08.56:161][  0]LogConfig: Setting CVar [[r.AllowStaticLighting:1]]
[2021.04.19-12.08.56:161][  0]LogConfig: Setting CVar [[r.NormalMapsForStaticLighting:0]]
[2021.04.19-12.08.56:161][  0]LogConfig: Setting CVar [[r.GenerateMeshDistanceFields:0]]
[2021.04.19-12.08.56:161][  0]LogConfig: Setting CVar [[r.DistanceFieldBuild.EightBit:0]]
[2021.04.19-12.08.56:161][  0]LogConfig: Setting CVar [[r.GenerateLandscapeGIData:0]]
[2021.04.19-12.08.56:161][  0]LogConfig: Setting CVar [[r.DistanceFieldBuild.Compress:0]]
[2021.04.19-12.08.56:161][  0]LogConfig: Setting CVar [[r.TessellationAdaptivePixelsPerTriangle:48.000000]]
[2021.04.19-12.08.56:161][  0]LogConfig: Setting CVar [[r.SeparateTranslucency:1]]
[2021.04.19-12.08.56:161][  0]LogConfig: Setting CVar [[r.TranslucentSortPolicy:0]]
[2021.04.19-12.08.56:161][  0]LogConfig: Setting CVar [[r.CustomDepth:1]]
[2021.04.19-12.08.56:161][  0]LogConfig: Setting CVar [[r.CustomDepthTemporalAAJitter:1]]
[2021.04.19-12.08.56:161][  0]LogConfig: Setting CVar [[r.PostProcessing.PropagateAlpha:0]]
[2021.04.19-12.08.56:161][  0]LogConfig: Setting CVar [[r.DefaultFeature.Bloom:1]]
[2021.04.19-12.08.56:162][  0]LogConfig: Setting CVar [[r.DefaultFeature.AmbientOcclusion:1]]
[2021.04.19-12.08.56:162][  0]LogConfig: Setting CVar [[r.DefaultFeature.AmbientOcclusionStaticFraction:1]]
[2021.04.19-12.08.56:162][  0]LogConfig: Setting CVar [[r.DefaultFeature.AutoExposure:0]]
[2021.04.19-12.08.56:162][  0]LogConfig: Setting CVar [[r.DefaultFeature.AutoExposure.Method:0]]
[2021.04.19-12.08.56:162][  0]LogConfig: Setting CVar [[r.DefaultFeature.AutoExposure.ExtendDefaultLuminanceRange:1]]
[2021.04.19-12.08.56:162][  0]LogConfig: Setting CVar [[r.UsePreExposure:1]]
[2021.04.19-12.08.56:162][  0]LogConfig: Setting CVar [[r.EyeAdaptation.EditorOnly:1]]
[2021.04.19-12.08.56:162][  0]LogConfig: Setting CVar [[r.DefaultFeature.MotionBlur:0]]
[2021.04.19-12.08.56:162][  0]LogConfig: Setting CVar [[r.DefaultFeature.LensFlare:0]]
[2021.04.19-12.08.56:162][  0]LogConfig: Setting CVar [[r.TemporalAA.Upsampling:0]]
[2021.04.19-12.08.56:162][  0]LogConfig: Setting CVar [[r.DefaultFeature.AntiAliasing:0]]
[2021.04.19-12.08.56:162][  0]LogConfig: Setting CVar [[r.DefaultFeature.LightUnits:1]]
[2021.04.19-12.08.56:162][  0]LogConfig: Setting CVar [[r.DefaultBackBufferPixelFormat:4]]
[2021.04.19-12.08.56:162][  0]LogConfig: Setting CVar [[r.Shadow.UnbuiltPreviewInGame:1]]
[2021.04.19-12.08.56:162][  0]LogConfig: Setting CVar [[r.StencilForLODDither:0]]
[2021.04.19-12.08.56:162][  0]LogConfig: Setting CVar [[r.EarlyZPass:3]]
[2021.04.19-12.08.56:162][  0]LogConfig: Setting CVar [[r.EarlyZPassOnlyMaterialMasking:0]]
[2021.04.19-12.08.56:162][  0]LogConfig: Setting CVar [[r.DBuffer:1]]
[2021.04.19-12.08.56:162][  0]LogConfig: Setting CVar [[r.ClearSceneMethod:1]]
[2021.04.19-12.08.56:162][  0]LogConfig: Setting CVar [[r.BasePassOutputsVelocity:0]]
[2021.04.19-12.08.56:162][  0]LogConfig: Setting CVar [[r.SelectiveBasePassOutputs:0]]
[2021.04.19-12.08.56:162][  0]LogConfig: Setting CVar [[fx.GPUSimulationTextureSizeX:1024]]
[2021.04.19-12.08.56:162][  0]LogConfig: Setting CVar [[fx.GPUSimulationTextureSizeY:1024]]
[2021.04.19-12.08.56:162][  0]LogConfig: Setting CVar [[r.AllowGlobalClipPlane:0]]
[2021.04.19-12.08.56:162][  0]LogConfig: Setting CVar [[r.GBufferFormat:1]]
[2021.04.19-12.08.56:162][  0]LogConfig: Setting CVar [[r.MorphTarget.Mode:1]]
[2021.04.19-12.08.56:162][  0]LogConfig: Setting CVar [[vr.InstancedStereo:0]]
[2021.04.19-12.08.56:162][  0]LogConfig: Setting CVar [[vr.MultiView:0]]
[2021.04.19-12.08.56:162][  0]LogConfig: Setting CVar [[vr.MobileMultiView:0]]
[2021.04.19-12.08.56:162][  0]LogConfig: Setting CVar [[vr.MobileMultiView.Direct:0]]
[2021.04.19-12.08.56:162][  0]LogConfig: Setting CVar [[vr.RoundRobinOcclusion:0]]
[2021.04.19-12.08.56:162][  0]LogConfig: Setting CVar [[vr.ODSCapture:0]]
[2021.04.19-12.08.56:162][  0]LogConfig: Setting CVar [[r.WireframeCullThreshold:5.000000]]
[2021.04.19-12.08.56:162][  0]LogConfig: Setting CVar [[r.RayTracing:0]]
[2021.04.19-12.08.56:162][  0]LogConfig: Setting CVar [[r.SupportStationarySkylight:1]]
[2021.04.19-12.08.56:162][  0]LogConfig: Setting CVar [[r.SupportLowQualityLightmaps:1]]
[2021.04.19-12.08.56:162][  0]LogConfig: Setting CVar [[r.SupportPointLightWholeSceneShadows:1]]
[2021.04.19-12.08.56:162][  0]LogConfig: Setting CVar [[r.SupportAtmosphericFog:1]]
[2021.04.19-12.08.56:162][  0]LogConfig: Setting CVar [[r.SkinCache.CompileShaders:0]]
[2021.04.19-12.08.56:162][  0]LogConfig: Setting CVar [[r.Mobile.EnableStaticAndCSMShadowReceivers:1]]
[2021.04.19-12.08.56:162][  0]LogConfig: Setting CVar [[r.Mobile.EnableMovableLightCSMShaderCulling:1]]
[2021.04.19-12.08.56:162][  0]LogConfig: Setting CVar [[r.Mobile.AllowDistanceFieldShadows:1]]
[2021.04.19-12.08.56:162][  0]LogConfig: Setting CVar [[r.Mobile.AllowMovableDirectionalLights:1]]
[2021.04.19-12.08.56:162][  0]LogConfig: Setting CVar [[r.MobileNumDynamicPointLights:4]]
[2021.04.19-12.08.56:162][  0]LogConfig: Setting CVar [[r.MobileDynamicPointLightsUseStaticBranch:1]]
[2021.04.19-12.08.56:162][  0]LogConfig: Setting CVar [[r.Mobile.EnableMovableSpotlights:0]]
[2021.04.19-12.08.56:162][  0]LogConfig: Setting CVar [[r.SkinCache.SceneMemoryLimitInMB:128.000000]]
[2021.04.19-12.08.56:162][  0]LogConfig: Setting CVar [[r.GPUSkin.Limit2BoneInfluences:0]]
[2021.04.19-12.08.56:162][  0]LogConfig: Setting CVar [[r.SupportDepthOnlyIndexBuffers:1]]
[2021.04.19-12.08.56:162][  0]LogConfig: Setting CVar [[r.SupportReversedIndexBuffers:1]]
[2021.04.19-12.08.56:162][  0]LogConfig: Setting CVar [[r.SupportMaterialLayers:0]]
[2021.04.19-12.08.56:162][  0]LogConfig: Applying CVar settings from Section [/Script/Engine.RendererOverrideSettings] File [E:/Studies/Game Production 2/Heartwars/Heartwars/Saved/Config/Windows/Engine.ini]
[2021.04.19-12.08.56:162][  0]LogConfig: Applying CVar settings from Section [/Script/Engine.StreamingSettings] File [E:/Studies/Game Production 2/Heartwars/Heartwars/Saved/Config/Windows/Engine.ini]
[2021.04.19-12.08.56:162][  0]LogConfig: Setting CVar [[s.MinBulkDataSizeForAsyncLoading:131072]]
[2021.04.19-12.08.56:162][  0]LogConfig: Setting CVar [[s.AsyncLoadingThreadEnabled:0]]
[2021.04.19-12.08.56:162][  0]LogConfig: Setting CVar [[s.EventDrivenLoaderEnabled:1]]
[2021.04.19-12.08.56:162][  0]LogConfig: Setting CVar [[s.WarnIfTimeLimitExceeded:0]]
[2021.04.19-12.08.56:162][  0]LogConfig: Setting CVar [[s.TimeLimitExceededMultiplier:1.5]]
[2021.04.19-12.08.56:162][  0]LogConfig: Setting CVar [[s.TimeLimitExceededMinTime:0.005]]
[2021.04.19-12.08.56:162][  0]LogConfig: Setting CVar [[s.UseBackgroundLevelStreaming:1]]
[2021.04.19-12.08.56:162][  0]LogConfig: Setting CVar [[s.PriorityAsyncLoadingExtraTime:15.0]]
[2021.04.19-12.08.56:162][  0]LogConfig: Setting CVar [[s.LevelStreamingActorsUpdateTimeLimit:5.0]]
[2021.04.19-12.08.56:162][  0]LogConfig: Setting CVar [[s.PriorityLevelStreamingActorsUpdateExtraTime:5.0]]
[2021.04.19-12.08.56:162][  0]LogConfig: Setting CVar [[s.LevelStreamingComponentsRegistrationGranularity:10]]
[2021.04.19-12.08.56:163][  0]LogConfig: Setting CVar [[s.UnregisterComponentsTimeLimit:1.0]]
[2021.04.19-12.08.56:163][  0]LogConfig: Setting CVar [[s.LevelStreamingComponentsUnregistrationGranularity:5]]
[2021.04.19-12.08.56:163][  0]LogConfig: Applying CVar settings from Section [/Script/Engine.GarbageCollectionSettings] File [E:/Studies/Game Production 2/Heartwars/Heartwars/Saved/Config/Windows/Engine.ini]
[2021.04.19-12.08.56:163][  0]LogConfig: Setting CVar [[gc.MaxObjectsNotConsideredByGC:1]]
[2021.04.19-12.08.56:163][  0]LogConfig: Setting CVar [[gc.SizeOfPermanentObjectPool:0]]
[2021.04.19-12.08.56:163][  0]LogConfig: Setting CVar [[gc.FlushStreamingOnGC:0]]
[2021.04.19-12.08.56:163][  0]LogConfig: Setting CVar [[gc.NumRetriesBeforeForcingGC:10]]
[2021.04.19-12.08.56:163][  0]LogConfig: Setting CVar [[gc.AllowParallelGC:1]]
[2021.04.19-12.08.56:163][  0]LogConfig: Setting CVar [[gc.TimeBetweenPurgingPendingKillObjects:61.1]]
[2021.04.19-12.08.56:163][  0]LogConfig: Setting CVar [[gc.MaxObjectsInEditor:16777216]]
[2021.04.19-12.08.56:163][  0]LogConfig: Setting CVar [[gc.IncrementalBeginDestroyEnabled:1]]
[2021.04.19-12.08.56:163][  0]LogConfig: Setting CVar [[gc.CreateGCClusters:1]]
[2021.04.19-12.08.56:163][  0]LogConfig: Setting CVar [[gc.MinGCClusterSize:5]]
[2021.04.19-12.08.56:163][  0]LogConfig: Setting CVar [[gc.ActorClusteringEnabled:0]]
[2021.04.19-12.08.56:163][  0]LogConfig: Setting CVar [[gc.BlueprintClusteringEnabled:0]]
[2021.04.19-12.08.56:163][  0]LogConfig: Setting CVar [[gc.UseDisregardForGCOnDedicatedServers:0]]
[2021.04.19-12.08.56:163][  0]LogConfig: Applying CVar settings from Section [/Script/Engine.NetworkSettings] File [E:/Studies/Game Production 2/Heartwars/Heartwars/Saved/Config/Windows/Engine.ini]
[2021.04.19-12.08.56:163][  0]LogConfig: Applying CVar settings from Section [/Script/UnrealEd.CookerSettings] File [E:/Studies/Game Production 2/Heartwars/Heartwars/Saved/Config/Windows/Engine.ini]
[2021.04.19-12.08.56:165][  0]LogConfig: Applying CVar settings from Section [ViewDistanceQuality@3] File [E:/Studies/Game Production 2/Heartwars/Heartwars/Saved/Config/Windows/Scalability.ini]
[2021.04.19-12.08.56:165][  0]LogConfig: Setting CVar [[r.SkeletalMeshLODBias:0]]
[2021.04.19-12.08.56:165][  0]LogConfig: Setting CVar [[r.ViewDistanceScale:1.0]]
[2021.04.19-12.08.56:165][  0]LogConfig: Applying CVar settings from Section [AntiAliasingQuality@3] File [E:/Studies/Game Production 2/Heartwars/Heartwars/Saved/Config/Windows/Scalability.ini]
[2021.04.19-12.08.56:165][  0]LogConfig: Setting CVar [[r.PostProcessAAQuality:4]]
[2021.04.19-12.08.56:165][  0]LogConfig: Applying CVar settings from Section [ShadowQuality@3] File [E:/Studies/Game Production 2/Heartwars/Heartwars/Saved/Config/Windows/Scalability.ini]
[2021.04.19-12.08.56:165][  0]LogConfig: Setting CVar [[r.LightFunctionQuality:1]]
[2021.04.19-12.08.56:165][  0]LogConfig: Setting CVar [[r.ShadowQuality:5]]
[2021.04.19-12.08.56:165][  0]LogConfig: Setting CVar [[r.Shadow.CSM.MaxCascades:10]]
[2021.04.19-12.08.56:165][  0]LogConfig: Setting CVar [[r.Shadow.MaxResolution:2048]]
[2021.04.19-12.08.56:165][  0]LogConfig: Setting CVar [[r.Shadow.MaxCSMResolution:2048]]
[2021.04.19-12.08.56:165][  0]LogConfig: Setting CVar [[r.Shadow.RadiusThreshold:0.01]]
[2021.04.19-12.08.56:165][  0]LogConfig: Setting CVar [[r.Shadow.DistanceScale:1.0]]
[2021.04.19-12.08.56:165][  0]LogConfig: Setting CVar [[r.Shadow.CSM.TransitionScale:1.0]]
[2021.04.19-12.08.56:165][  0]LogConfig: Setting CVar [[r.Shadow.PreShadowResolutionFactor:1.0]]
[2021.04.19-12.08.56:165][  0]LogConfig: Setting CVar [[r.DistanceFieldShadowing:1]]
[2021.04.19-12.08.56:165][  0]LogConfig: Setting CVar [[r.DistanceFieldAO:1]]
[2021.04.19-12.08.56:165][  0]LogConfig: Setting CVar [[r.AOQuality:2]]
[2021.04.19-12.08.56:165][  0]LogConfig: Setting CVar [[r.VolumetricFog:1]]
[2021.04.19-12.08.56:165][  0]LogConfig: Setting CVar [[r.VolumetricFog.GridPixelSize:8]]
[2021.04.19-12.08.56:165][  0]LogConfig: Setting CVar [[r.VolumetricFog.GridSizeZ:128]]
[2021.04.19-12.08.56:166][  0]LogConfig: Setting CVar [[r.VolumetricFog.HistoryMissSupersampleCount:4]]
[2021.04.19-12.08.56:166][  0]LogConfig: Setting CVar [[r.LightMaxDrawDistanceScale:1]]
[2021.04.19-12.08.56:166][  0]LogConfig: Setting CVar [[r.CapsuleShadows:1]]
[2021.04.19-12.08.56:166][  0]LogConfig: Applying CVar settings from Section [PostProcessQuality@3] File [E:/Studies/Game Production 2/Heartwars/Heartwars/Saved/Config/Windows/Scalability.ini]
[2021.04.19-12.08.56:166][  0]LogConfig: Setting CVar [[r.MotionBlurQuality:4]]
[2021.04.19-12.08.56:166][  0]LogConfig: Setting CVar [[r.AmbientOcclusionMipLevelFactor:0.4]]
[2021.04.19-12.08.56:166][  0]LogConfig: Setting CVar [[r.AmbientOcclusionMaxQuality:100]]
[2021.04.19-12.08.56:166][  0]LogConfig: Setting CVar [[r.AmbientOcclusionLevels:-1]]
[2021.04.19-12.08.56:166][  0]LogConfig: Setting CVar [[r.AmbientOcclusionRadiusScale:1.0]]
[2021.04.19-12.08.56:166][  0]LogConfig: Setting CVar [[r.DepthOfFieldQuality:2]]
[2021.04.19-12.08.56:166][  0]LogConfig: Setting CVar [[r.RenderTargetPoolMin:400]]
[2021.04.19-12.08.56:166][  0]LogConfig: Setting CVar [[r.LensFlareQuality:2]]
[2021.04.19-12.08.56:166][  0]LogConfig: Setting CVar [[r.SceneColorFringeQuality:1]]
[2021.04.19-12.08.56:166][  0]LogConfig: Setting CVar [[r.EyeAdaptationQuality:2]]
[2021.04.19-12.08.56:166][  0]LogConfig: Setting CVar [[r.BloomQuality:5]]
[2021.04.19-12.08.56:166][  0]LogConfig: Setting CVar [[r.FastBlurThreshold:100]]
[2021.04.19-12.08.56:166][  0]LogConfig: Setting CVar [[r.Upscale.Quality:3]]
[2021.04.19-12.08.56:166][  0]LogConfig: Setting CVar [[r.Tonemapper.GrainQuantization:1]]
[2021.04.19-12.08.56:166][  0]LogConfig: Setting CVar [[r.LightShaftQuality:1]]
[2021.04.19-12.08.56:166][  0]LogConfig: Setting CVar [[r.Filter.SizeScale:1]]
[2021.04.19-12.08.56:166][  0]LogConfig: Setting CVar [[r.Tonemapper.Quality:5]]
[2021.04.19-12.08.56:166][  0]LogConfig: Setting CVar [[r.DOF.Gather.AccumulatorQuality:1        ; higher gathering accumulator quality]]
[2021.04.19-12.08.56:166][  0]LogConfig: Setting CVar [[r.DOF.Gather.PostfilterMethod:1          ; Median3x3 postfilering method]]
[2021.04.19-12.08.56:166][  0]LogConfig: Setting CVar [[r.DOF.Gather.EnableBokehSettings:0       ; no bokeh simulation when gathering]]
[2021.04.19-12.08.56:166][  0]LogConfig: Setting CVar [[r.DOF.Gather.RingCount:4                 ; medium number of samples when gathering]]
[2021.04.19-12.08.56:166][  0]LogConfig: Setting CVar [[r.DOF.Scatter.ForegroundCompositing:1    ; additive foreground scattering]]
[2021.04.19-12.08.56:166][  0]LogConfig: Setting CVar [[r.DOF.Scatter.BackgroundCompositing:2    ; additive background scattering]]
[2021.04.19-12.08.56:166][  0]LogConfig: Setting CVar [[r.DOF.Scatter.EnableBokehSettings:1      ; bokeh simulation when scattering]]
[2021.04.19-12.08.56:166][  0]LogConfig: Setting CVar [[r.DOF.Scatter.MaxSpriteRatio:0.1         ; only a maximum of 10% of scattered bokeh]]
[2021.04.19-12.08.56:166][  0]LogConfig: Setting CVar [[r.DOF.Recombine.Quality:1                ; cheap slight out of focus]]
[2021.04.19-12.08.56:166][  0]LogConfig: Setting CVar [[r.DOF.Recombine.EnableBokehSettings:0    ; no bokeh simulation on slight out of focus]]
[2021.04.19-12.08.56:166][  0]LogConfig: Setting CVar [[r.DOF.TemporalAAQuality:1                ; more stable temporal accumulation]]
[2021.04.19-12.08.56:166][  0]LogConfig: Setting CVar [[r.DOF.Kernel.MaxForegroundRadius:0.025]]
[2021.04.19-12.08.56:166][  0]LogConfig: Setting CVar [[r.DOF.Kernel.MaxBackgroundRadius:0.025]]
[2021.04.19-12.08.56:166][  0]LogConfig: Applying CVar settings from Section [TextureQuality@3] File [E:/Studies/Game Production 2/Heartwars/Heartwars/Saved/Config/Windows/Scalability.ini]
[2021.04.19-12.08.56:166][  0]LogConfig: Setting CVar [[r.Streaming.MipBias:0]]
[2021.04.19-12.08.56:166][  0]LogConfig: Setting CVar [[r.Streaming.AmortizeCPUToGPUCopy:0]]
[2021.04.19-12.08.56:166][  0]LogConfig: Setting CVar [[r.Streaming.MaxNumTexturesToStreamPerFrame:0]]
[2021.04.19-12.08.56:166][  0]LogConfig: Setting CVar [[r.Streaming.Boost:1]]
[2021.04.19-12.08.56:166][  0]LogConfig: Setting CVar [[r.MaxAnisotropy:8]]
[2021.04.19-12.08.56:166][  0]LogConfig: Setting CVar [[r.Streaming.LimitPoolSizeToVRAM:0]]
[2021.04.19-12.08.56:166][  0]LogConfig: Setting CVar [[r.Streaming.PoolSize:1000]]
[2021.04.19-12.08.56:166][  0]LogConfig: Setting CVar [[r.Streaming.MaxEffectiveScreenSize:0]]
[2021.04.19-12.08.56:166][  0]LogConfig: Applying CVar settings from Section [EffectsQuality@3] File [E:/Studies/Game Production 2/Heartwars/Heartwars/Saved/Config/Windows/Scalability.ini]
[2021.04.19-12.08.56:166][  0]LogConfig: Setting CVar [[r.TranslucencyLightingVolumeDim:64]]
[2021.04.19-12.08.56:166][  0]LogConfig: Setting CVar [[r.RefractionQuality:2]]
[2021.04.19-12.08.56:166][  0]LogConfig: Setting CVar [[r.SSR.Quality:3]]
[2021.04.19-12.08.56:166][  0]LogConfig: Setting CVar [[r.SceneColorFormat:4]]
[2021.04.19-12.08.56:166][  0]LogConfig: Setting CVar [[r.DetailMode:2]]
[2021.04.19-12.08.56:166][  0]LogConfig: Setting CVar [[r.TranslucencyVolumeBlur:1]]
[2021.04.19-12.08.56:166][  0]LogConfig: Setting CVar [[r.MaterialQualityLevel:1 ; High quality]]
[2021.04.19-12.08.56:166][  0]LogConfig: Setting CVar [[r.SSS.Scale:1]]
[2021.04.19-12.08.56:166][  0]LogConfig: Setting CVar [[r.SSS.SampleSet:2]]
[2021.04.19-12.08.56:166][  0]LogConfig: Setting CVar [[r.SSS.Quality:1]]
[2021.04.19-12.08.56:166][  0]LogConfig: Setting CVar [[r.SSS.HalfRes:1]]
[2021.04.19-12.08.56:166][  0]LogConfig: Setting CVar [[r.EmitterSpawnRateScale:1.0]]
[2021.04.19-12.08.56:166][  0]LogConfig: Setting CVar [[r.ParticleLightQuality:2]]
[2021.04.19-12.08.56:166][  0]LogConfig: Applying CVar settings from Section [FoliageQuality@3] File [E:/Studies/Game Production 2/Heartwars/Heartwars/Saved/Config/Windows/Scalability.ini]
[2021.04.19-12.08.56:166][  0]LogConfig: Setting CVar [[foliage.DensityScale:1.0]]
[2021.04.19-12.08.56:166][  0]LogConfig: Setting CVar [[grass.DensityScale:1.0]]
[2021.04.19-12.08.56:166][  0]LogInit: Selected Device Profile: [Windows]
[2021.04.19-12.08.56:166][  0]LogInit: Applying CVar settings loaded from the selected device profile: [Windows]
[2021.04.19-12.08.56:170][  0]LogHAL: Display: Platform has ~ 16 GB [17107054592 / 17179869184 / 16], which maps to Larger [LargestMinGB=32, LargerMinGB=12, DefaultMinGB=8, SmallerMinGB=6, SmallestMinGB=0)
[2021.04.19-12.08.56:170][  0]LogInit: Going up to parent DeviceProfile []
[2021.04.19-12.08.56:170][  0]LogConfig: Applying CVar settings from Section [ViewDistanceQuality@3] File [E:/Studies/Game Production 2/Heartwars/Heartwars/Saved/Config/Windows/Scalability.ini]
[2021.04.19-12.08.56:170][  0]LogConfig: Setting CVar [[r.SkeletalMeshLODBias:0]]
[2021.04.19-12.08.56:170][  0]LogConfig: Setting CVar [[r.ViewDistanceScale:1.0]]
[2021.04.19-12.08.56:170][  0]LogConfig: Applying CVar settings from Section [AntiAliasingQuality@3] File [E:/Studies/Game Production 2/Heartwars/Heartwars/Saved/Config/Windows/Scalability.ini]
[2021.04.19-12.08.56:170][  0]LogConfig: Setting CVar [[r.PostProcessAAQuality:4]]
[2021.04.19-12.08.56:170][  0]LogConfig: Applying CVar settings from Section [ShadowQuality@3] File [E:/Studies/Game Production 2/Heartwars/Heartwars/Saved/Config/Windows/Scalability.ini]
[2021.04.19-12.08.56:171][  0]LogConfig: Setting CVar [[r.LightFunctionQuality:1]]
[2021.04.19-12.08.56:171][  0]LogConfig: Setting CVar [[r.ShadowQuality:5]]
[2021.04.19-12.08.56:171][  0]LogConfig: Setting CVar [[r.Shadow.CSM.MaxCascades:10]]
[2021.04.19-12.08.56:171][  0]LogConfig: Setting CVar [[r.Shadow.MaxResolution:2048]]
[2021.04.19-12.08.56:171][  0]LogConfig: Setting CVar [[r.Shadow.MaxCSMResolution:2048]]
[2021.04.19-12.08.56:171][  0]LogConfig: Setting CVar [[r.Shadow.RadiusThreshold:0.01]]
[2021.04.19-12.08.56:171][  0]LogConfig: Setting CVar [[r.Shadow.DistanceScale:1.0]]
[2021.04.19-12.08.56:171][  0]LogConfig: Setting CVar [[r.Shadow.CSM.TransitionScale:1.0]]
[2021.04.19-12.08.56:171][  0]LogConfig: Setting CVar [[r.Shadow.PreShadowResolutionFactor:1.0]]
[2021.04.19-12.08.56:171][  0]LogConfig: Setting CVar [[r.DistanceFieldShadowing:1]]
[2021.04.19-12.08.56:171][  0]LogConfig: Setting CVar [[r.DistanceFieldAO:1]]
[2021.04.19-12.08.56:171][  0]LogConfig: Setting CVar [[r.AOQuality:2]]
[2021.04.19-12.08.56:171][  0]LogConfig: Setting CVar [[r.VolumetricFog:1]]
[2021.04.19-12.08.56:171][  0]LogConfig: Setting CVar [[r.VolumetricFog.GridPixelSize:8]]
[2021.04.19-12.08.56:171][  0]LogConfig: Setting CVar [[r.VolumetricFog.GridSizeZ:128]]
[2021.04.19-12.08.56:171][  0]LogConfig: Setting CVar [[r.VolumetricFog.HistoryMissSupersampleCount:4]]
[2021.04.19-12.08.56:171][  0]LogConfig: Setting CVar [[r.LightMaxDrawDistanceScale:1]]
[2021.04.19-12.08.56:171][  0]LogConfig: Setting CVar [[r.CapsuleShadows:1]]
[2021.04.19-12.08.56:171][  0]LogConfig: Applying CVar settings from Section [PostProcessQuality@3] File [E:/Studies/Game Production 2/Heartwars/Heartwars/Saved/Config/Windows/Scalability.ini]
[2021.04.19-12.08.56:171][  0]LogConfig: Setting CVar [[r.MotionBlurQuality:4]]
[2021.04.19-12.08.56:171][  0]LogConfig: Setting CVar [[r.AmbientOcclusionMipLevelFactor:0.4]]
[2021.04.19-12.08.56:171][  0]LogConfig: Setting CVar [[r.AmbientOcclusionMaxQuality:100]]
[2021.04.19-12.08.56:171][  0]LogConfig: Setting CVar [[r.AmbientOcclusionLevels:-1]]
[2021.04.19-12.08.56:171][  0]LogConfig: Setting CVar [[r.AmbientOcclusionRadiusScale:1.0]]
[2021.04.19-12.08.56:171][  0]LogConfig: Setting CVar [[r.DepthOfFieldQuality:2]]
[2021.04.19-12.08.56:171][  0]LogConfig: Setting CVar [[r.RenderTargetPoolMin:400]]
[2021.04.19-12.08.56:171][  0]LogConfig: Setting CVar [[r.LensFlareQuality:2]]
[2021.04.19-12.08.56:171][  0]LogConfig: Setting CVar [[r.SceneColorFringeQuality:1]]
[2021.04.19-12.08.56:171][  0]LogConfig: Setting CVar [[r.EyeAdaptationQuality:2]]
[2021.04.19-12.08.56:171][  0]LogConfig: Setting CVar [[r.BloomQuality:5]]
[2021.04.19-12.08.56:171][  0]LogConfig: Setting CVar [[r.FastBlurThreshold:100]]
[2021.04.19-12.08.56:171][  0]LogConfig: Setting CVar [[r.Upscale.Quality:3]]
[2021.04.19-12.08.56:171][  0]LogConfig: Setting CVar [[r.Tonemapper.GrainQuantization:1]]
[2021.04.19-12.08.56:171][  0]LogConfig: Setting CVar [[r.LightShaftQuality:1]]
[2021.04.19-12.08.56:171][  0]LogConfig: Setting CVar [[r.Filter.SizeScale:1]]
[2021.04.19-12.08.56:171][  0]LogConfig: Setting CVar [[r.Tonemapper.Quality:5]]
[2021.04.19-12.08.56:171][  0]LogConfig: Setting CVar [[r.DOF.Gather.AccumulatorQuality:1        ; higher gathering accumulator quality]]
[2021.04.19-12.08.56:171][  0]LogConfig: Setting CVar [[r.DOF.Gather.PostfilterMethod:1          ; Median3x3 postfilering method]]
[2021.04.19-12.08.56:171][  0]LogConfig: Setting CVar [[r.DOF.Gather.EnableBokehSettings:0       ; no bokeh simulation when gathering]]
[2021.04.19-12.08.56:171][  0]LogConfig: Setting CVar [[r.DOF.Gather.RingCount:4                 ; medium number of samples when gathering]]
[2021.04.19-12.08.56:171][  0]LogConfig: Setting CVar [[r.DOF.Scatter.ForegroundCompositing:1    ; additive foreground scattering]]
[2021.04.19-12.08.56:171][  0]LogConfig: Setting CVar [[r.DOF.Scatter.BackgroundCompositing:2    ; additive background scattering]]
[2021.04.19-12.08.56:171][  0]LogConfig: Setting CVar [[r.DOF.Scatter.EnableBokehSettings:1      ; bokeh simulation when scattering]]
[2021.04.19-12.08.56:171][  0]LogConfig: Setting CVar [[r.DOF.Scatter.MaxSpriteRatio:0.1         ; only a maximum of 10% of scattered bokeh]]
[2021.04.19-12.08.56:171][  0]LogConfig: Setting CVar [[r.DOF.Recombine.Quality:1                ; cheap slight out of focus]]
[2021.04.19-12.08.56:171][  0]LogConfig: Setting CVar [[r.DOF.Recombine.EnableBokehSettings:0    ; no bokeh simulation on slight out of focus]]
[2021.04.19-12.08.56:171][  0]LogConfig: Setting CVar [[r.DOF.TemporalAAQuality:1                ; more stable temporal accumulation]]
[2021.04.19-12.08.56:171][  0]LogConfig: Setting CVar [[r.DOF.Kernel.MaxForegroundRadius:0.025]]
[2021.04.19-12.08.56:171][  0]LogConfig: Setting CVar [[r.DOF.Kernel.MaxBackgroundRadius:0.025]]
[2021.04.19-12.08.56:171][  0]LogConfig: Applying CVar settings from Section [TextureQuality@3] File [E:/Studies/Game Production 2/Heartwars/Heartwars/Saved/Config/Windows/Scalability.ini]
[2021.04.19-12.08.56:171][  0]LogConfig: Setting CVar [[r.Streaming.MipBias:0]]
[2021.04.19-12.08.56:171][  0]LogConfig: Setting CVar [[r.Streaming.AmortizeCPUToGPUCopy:0]]
[2021.04.19-12.08.56:171][  0]LogConfig: Setting CVar [[r.Streaming.MaxNumTexturesToStreamPerFrame:0]]
[2021.04.19-12.08.56:171][  0]LogConfig: Setting CVar [[r.Streaming.Boost:1]]
[2021.04.19-12.08.56:171][  0]LogConfig: Setting CVar [[r.MaxAnisotropy:8]]
[2021.04.19-12.08.56:171][  0]LogConfig: Setting CVar [[r.Streaming.LimitPoolSizeToVRAM:0]]
[2021.04.19-12.08.56:171][  0]LogConfig: Setting CVar [[r.Streaming.PoolSize:1000]]
[2021.04.19-12.08.56:171][  0]LogConfig: Setting CVar [[r.Streaming.MaxEffectiveScreenSize:0]]
[2021.04.19-12.08.56:171][  0]LogConfig: Applying CVar settings from Section [EffectsQuality@3] File [E:/Studies/Game Production 2/Heartwars/Heartwars/Saved/Config/Windows/Scalability.ini]
[2021.04.19-12.08.56:171][  0]LogConfig: Setting CVar [[r.TranslucencyLightingVolumeDim:64]]
[2021.04.19-12.08.56:171][  0]LogConfig: Setting CVar [[r.RefractionQuality:2]]
[2021.04.19-12.08.56:171][  0]LogConfig: Setting CVar [[r.SSR.Quality:3]]
[2021.04.19-12.08.56:171][  0]LogConfig: Setting CVar [[r.SceneColorFormat:4]]
[2021.04.19-12.08.56:171][  0]LogConfig: Setting CVar [[r.DetailMode:2]]
[2021.04.19-12.08.56:171][  0]LogConfig: Setting CVar [[r.TranslucencyVolumeBlur:1]]
[2021.04.19-12.08.56:171][  0]LogConfig: Setting CVar [[r.MaterialQualityLevel:1 ; High quality]]
[2021.04.19-12.08.56:171][  0]LogConfig: Setting CVar [[r.SSS.Scale:1]]
[2021.04.19-12.08.56:171][  0]LogConfig: Setting CVar [[r.SSS.SampleSet:2]]
[2021.04.19-12.08.56:171][  0]LogConfig: Setting CVar [[r.SSS.Quality:1]]
[2021.04.19-12.08.56:171][  0]LogConfig: Setting CVar [[r.SSS.HalfRes:1]]
[2021.04.19-12.08.56:171][  0]LogConfig: Setting CVar [[r.EmitterSpawnRateScale:1.0]]
[2021.04.19-12.08.56:171][  0]LogConfig: Setting CVar [[r.ParticleLightQuality:2]]
[2021.04.19-12.08.56:171][  0]LogConfig: Applying CVar settings from Section [FoliageQuality@3] File [E:/Studies/Game Production 2/Heartwars/Heartwars/Saved/Config/Windows/Scalability.ini]
[2021.04.19-12.08.56:171][  0]LogConfig: Setting CVar [[foliage.DensityScale:1.0]]
[2021.04.19-12.08.56:171][  0]LogConfig: Setting CVar [[grass.DensityScale:1.0]]
[2021.04.19-12.08.56:171][  0]LogConfig: Applying CVar settings from Section [Startup] File [../../../Engine/Config/ConsoleVariables.ini]
[2021.04.19-12.08.56:172][  0]LogConfig: Setting CVar [[net.UseAdaptiveNetUpdateFrequency:0]]
[2021.04.19-12.08.56:172][  0]LogConfig: Setting CVar [[p.chaos.AllowCreatePhysxBodies:1]]
[2021.04.19-12.08.56:172][  0]LogConfig: Applying CVar settings from Section [ConsoleVariables] File [E:/Studies/Game Production 2/Heartwars/Heartwars/Saved/Config/Windows/Engine.ini]
[2021.04.19-12.08.56:172][  0]LogInit: Computer: DESKTOP-ME3LHH3
[2021.04.19-12.08.56:172][  0]LogInit: User: ivfo
[2021.04.19-12.08.56:172][  0]LogInit: CPU Page size=4096, Cores=4
[2021.04.19-12.08.56:172][  0]LogInit: High frequency timer resolution =10.000000 MHz
[2021.04.19-12.08.56:172][  0]LogMemory: Memory total: Physical=15.9GB (16GB approx)
[2021.04.19-12.08.56:172][  0]LogMemory: Platform Memory Stats for Windows
[2021.04.19-12.08.56:172][  0]LogMemory: Process Physical Memory: 101.27 MB used, 101.28 MB peak
[2021.04.19-12.08.56:172][  0]LogMemory: Process Virtual Memory: 88.63 MB used, 88.63 MB peak
[2021.04.19-12.08.56:172][  0]LogMemory: Physical Memory: 6868.67 MB used,  9445.89 MB free, 16314.56 MB total
[2021.04.19-12.08.56:173][  0]LogMemory: Virtual Memory: 4658.77 MB used,  134213072.00 MB free, 134217728.00 MB total
[2021.04.19-12.08.56:176][  0]LogWindows: WindowsPlatformFeatures enabled
[2021.04.19-12.08.56:223][  0]LogInit: Using OS detected language (en-US).
[2021.04.19-12.08.56:223][  0]LogInit: Using OS detected locale (en-US).
[2021.04.19-12.08.56:224][  0]LogTextLocalizationManager: No specific localization for 'en-US' exists, so the 'en' localization will be used.
[2021.04.19-12.08.56:407][  0]LogInit: Setting process to per monitor DPI aware
[2021.04.19-12.08.56:439][  0]LogSlate: New Slate User Created.  User Index 0, Is Virtual User: 0
[2021.04.19-12.08.56:439][  0]LogSlate: Slate User Registered.  User Index 0, Is Virtual User: 0
[2021.04.19-12.08.56:693][  0]LogHMD: Failed to initialize OpenVR with code 110
[2021.04.19-12.08.56:693][  0]LogD3D11RHI: D3D11 adapters:
[2021.04.19-12.08.56:809][  0]LogD3D11RHI:    0. 'NVIDIA GeForce GTX 970' (Feature Level 11_0)
[2021.04.19-12.08.56:809][  0]LogD3D11RHI:       4043/0/8157 MB DedicatedVideo/DedicatedSystem/SharedSystem, Outputs:1, VendorId:0x10de
[2021.04.19-12.08.56:811][  0]LogD3D11RHI:    1. 'Microsoft Basic Render Driver' (Feature Level 11_0)
[2021.04.19-12.08.56:811][  0]LogD3D11RHI:       0/0/8157 MB DedicatedVideo/DedicatedSystem/SharedSystem, Outputs:0, VendorId:0x1414
[2021.04.19-12.08.56:811][  0]LogD3D11RHI: Chosen D3D11 Adapter: 0
[2021.04.19-12.08.56:817][  0]LogD3D11RHI: Creating new Direct3DDevice
[2021.04.19-12.08.56:817][  0]LogD3D11RHI:     GPU DeviceId: 0x13c2 (for the marketing name, search the web for "GPU Device Id")
[2021.04.19-12.08.56:817][  0]LogWindows: EnumDisplayDevices:
[2021.04.19-12.08.56:817][  0]LogWindows:    0. 'NVIDIA GeForce GTX 970' (P:1 D:1)
[2021.04.19-12.08.56:817][  0]LogWindows:    1. 'NVIDIA GeForce GTX 970' (P:0 D:0)
[2021.04.19-12.08.56:818][  0]LogWindows:    2. 'NVIDIA GeForce GTX 970' (P:0 D:0)
[2021.04.19-12.08.56:818][  0]LogWindows:    3. 'NVIDIA GeForce GTX 970' (P:0 D:0)
[2021.04.19-12.08.56:818][  0]LogWindows: DebugString: FoundDriverCount:4 
[2021.04.19-12.08.56:818][  0]LogD3D11RHI:     Adapter Name: NVIDIA GeForce GTX 970
[2021.04.19-12.08.56:818][  0]LogD3D11RHI:   Driver Version: 461.09 (internal:27.21.14.6109, unified:461.09)
[2021.04.19-12.08.56:818][  0]LogD3D11RHI:      Driver Date: 12-31-2020
[2021.04.19-12.08.56:818][  0]LogRHI: Texture pool is 2830 MB (70% of 4043 MB)
[2021.04.19-12.08.56:903][  0]LogD3D11RHI: Async texture creation enabled
[2021.04.19-12.08.56:916][  0]LogD3D11RHI: GPU Timing Frequency: 1000.000000 (Debug: 2 1)
[2021.04.19-12.08.57:215][  0]LogTemp: Display: Module 'AllDesktopTargetPlatform' loaded TargetPlatform 'AllDesktop'
[2021.04.19-12.08.57:225][  0]LogTemp: Display: Module 'MacClientTargetPlatform' loaded TargetPlatform 'MacClient'
[2021.04.19-12.08.57:233][  0]LogTemp: Display: Module 'MacNoEditorTargetPlatform' loaded TargetPlatform 'MacNoEditor'
[2021.04.19-12.08.57:243][  0]LogTemp: Display: Module 'MacServerTargetPlatform' loaded TargetPlatform 'MacServer'
[2021.04.19-12.08.57:253][  0]LogTemp: Display: Module 'MacTargetPlatform' loaded TargetPlatform 'Mac'
[2021.04.19-12.08.57:263][  0]LogTemp: Display: Module 'WindowsClientTargetPlatform' loaded TargetPlatform 'WindowsClient'
[2021.04.19-12.08.57:271][  0]LogTemp: Display: Module 'WindowsNoEditorTargetPlatform' loaded TargetPlatform 'WindowsNoEditor'
[2021.04.19-12.08.57:280][  0]LogTemp: Display: Module 'WindowsServerTargetPlatform' loaded TargetPlatform 'WindowsServer'
[2021.04.19-12.08.57:284][  0]LogTemp: Display: Module 'WindowsTargetPlatform' loaded TargetPlatform 'Windows'
[2021.04.19-12.08.57:318][  0]LogTemp: Display: Module 'AndroidTargetPlatform' loaded TargetPlatform 'Android'
[2021.04.19-12.08.57:318][  0]LogTemp: Display: Module 'AndroidTargetPlatform' loaded TargetPlatform 'Android_ASTC'
[2021.04.19-12.08.57:318][  0]LogTemp: Display: Module 'AndroidTargetPlatform' loaded TargetPlatform 'Android_ATC'
[2021.04.19-12.08.57:318][  0]LogTemp: Display: Module 'AndroidTargetPlatform' loaded TargetPlatform 'Android_DXT'
[2021.04.19-12.08.57:318][  0]LogTemp: Display: Module 'AndroidTargetPlatform' loaded TargetPlatform 'Android_ETC1'
[2021.04.19-12.08.57:318][  0]LogTemp: Display: Module 'AndroidTargetPlatform' loaded TargetPlatform 'Android_ETC1a'
[2021.04.19-12.08.57:319][  0]LogTemp: Display: Module 'AndroidTargetPlatform' loaded TargetPlatform 'Android_ETC2'
[2021.04.19-12.08.57:319][  0]LogTemp: Display: Module 'AndroidTargetPlatform' loaded TargetPlatform 'Android_PVRTC'
[2021.04.19-12.08.57:319][  0]LogTemp: Display: Module 'AndroidTargetPlatform' loaded TargetPlatform 'AndroidClient'
[2021.04.19-12.08.57:319][  0]LogTemp: Display: Module 'AndroidTargetPlatform' loaded TargetPlatform 'Android_ASTCClient'
[2021.04.19-12.08.57:319][  0]LogTemp: Display: Module 'AndroidTargetPlatform' loaded TargetPlatform 'Android_ATCClient'
[2021.04.19-12.08.57:319][  0]LogTemp: Display: Module 'AndroidTargetPlatform' loaded TargetPlatform 'Android_DXTClient'
[2021.04.19-12.08.57:319][  0]LogTemp: Display: Module 'AndroidTargetPlatform' loaded TargetPlatform 'Android_ETC1Client'
[2021.04.19-12.08.57:319][  0]LogTemp: Display: Module 'AndroidTargetPlatform' loaded TargetPlatform 'Android_ETC1aClient'
[2021.04.19-12.08.57:319][  0]LogTemp: Display: Module 'AndroidTargetPlatform' loaded TargetPlatform 'Android_ETC2Client'
[2021.04.19-12.08.57:319][  0]LogTemp: Display: Module 'AndroidTargetPlatform' loaded TargetPlatform 'Android_PVRTCClient'
[2021.04.19-12.08.57:319][  0]LogTemp: Display: Module 'AndroidTargetPlatform' loaded TargetPlatform 'Android_Multi'
[2021.04.19-12.08.57:319][  0]LogTemp: Display: Module 'AndroidTargetPlatform' loaded TargetPlatform 'Android_MultiClient'
[2021.04.19-12.08.57:321][  0]LogTemp: Display: Module 'HTML5TargetPlatform' loaded TargetPlatform 'HTML5'
[2021.04.19-12.08.57:339][  0]LogTemp: Display: Module 'IOSTargetPlatform' loaded TargetPlatform 'IOSClient'
[2021.04.19-12.08.57:339][  0]LogTemp: Display: Module 'IOSTargetPlatform' loaded TargetPlatform 'IOS'
[2021.04.19-12.08.57:355][  0]LogTemp: Display: Module 'TVOSTargetPlatform' loaded TargetPlatform 'TVOSClient'
[2021.04.19-12.08.57:355][  0]LogTemp: Display: Module 'TVOSTargetPlatform' loaded TargetPlatform 'TVOS'
[2021.04.19-12.08.57:363][  0]LogTemp: Display: Module 'LinuxClientTargetPlatform' loaded TargetPlatform 'LinuxClient'
[2021.04.19-12.08.57:370][  0]LogTemp: Display: Module 'LinuxNoEditorTargetPlatform' loaded TargetPlatform 'LinuxNoEditor'
[2021.04.19-12.08.57:378][  0]LogTemp: Display: Module 'LinuxServerTargetPlatform' loaded TargetPlatform 'LinuxServer'
[2021.04.19-12.08.57:387][  0]LogTemp: Display: Module 'LinuxTargetPlatform' loaded TargetPlatform 'Linux'
[2021.04.19-12.08.57:416][  0]LogTemp: Display: Module 'LuminTargetPlatform' loaded TargetPlatform 'Lumin'
[2021.04.19-12.08.57:416][  0]LogTemp: Display: Module 'LuminTargetPlatform' loaded TargetPlatform 'LuminClient'
[2021.04.19-12.08.57:416][  0]LogTargetPlatformManager: Display: Building Assets For Windows
[2021.04.19-12.08.57:424][  0]LogAudioDebug: Display: Lib vorbis DLL was dynamically loaded.
[2021.04.19-12.08.57:467][  0]LogShaderCompilers: Guid format shader working directory is -18 characters bigger than the processId version (../../../../../../Studies/Game Production 2/Heartwars/Heartwars/Intermediate/Shaders/WorkingDirectory/10096/).
[2021.04.19-12.08.57:467][  0]LogShaderCompilers: Cleaned the shader compiler working directory 'C:/Users/iv_fo/AppData/Local/Temp/UnrealShaderWorkingDir/4B7AA14A4CEAA93F308003B440C225EA/'.
[2021.04.19-12.08.57:468][  0]LogXGEController: Cannot use XGE Controller as Incredibuild is not installed on this machine.
[2021.04.19-12.08.57:468][  0]LogShaderCompilers: Cannot use XGE Shader Compiler as Incredibuild is not installed on this machine.
[2021.04.19-12.08.57:468][  0]LogShaderCompilers: Display: Using Local Shader Compiler.
[2021.04.19-12.08.58:064][  0]LogDerivedDataCache: Display: Max Cache Size: 512 MB
[2021.04.19-12.08.58:110][  0]LogDerivedDataCache: Loaded boot cache 0.04s 73MB C:/Users/iv_fo/AppData/Local/UnrealEngine/4.23/DerivedDataCache/Boot.ddc.
[2021.04.19-12.08.58:110][  0]LogDerivedDataCache: Display: Loaded Boot cache: C:/Users/iv_fo/AppData/Local/UnrealEngine/4.23/DerivedDataCache/Boot.ddc
[2021.04.19-12.08.58:110][  0]LogDerivedDataCache: FDerivedDataBackendGraph:  Pak pak cache file ../../../../../../Studies/Game Production 2/Heartwars/Heartwars/DerivedDataCache/DDC.ddp not found, will not use a pak cache.
[2021.04.19-12.08.58:110][  0]LogDerivedDataCache: Unable to find inner node Pak for hierarchical cache Hierarchy.
[2021.04.19-12.08.58:110][  0]LogDerivedDataCache: FDerivedDataBackendGraph:  CompressedPak pak cache file ../../../../../../Studies/Game Production 2/Heartwars/Heartwars/DerivedDataCache/Compressed.ddp not found, will not use a pak cache.
[2021.04.19-12.08.58:110][  0]LogDerivedDataCache: Unable to find inner node CompressedPak for hierarchical cache Hierarchy.
[2021.04.19-12.08.58:121][  0]LogDerivedDataCache: Display: Pak cache opened for reading ../../../Engine/DerivedDataCache/Compressed.ddp.
[2021.04.19-12.08.58:121][  0]LogDerivedDataCache: FDerivedDataBackendGraph:  EnterprisePak pak cache file ../../../Enterprise/DerivedDataCache/Compressed.ddp not found, will not use a pak cache.
[2021.04.19-12.08.58:121][  0]LogDerivedDataCache: Unable to find inner node EnterprisePak for hierarchical cache Hierarchy.
[2021.04.19-12.08.58:122][  0]LogDerivedDataCache: Using Local data cache path C:/Users/iv_fo/AppData/Local/UnrealEngine/Common/DerivedDataCache: Writable
[2021.04.19-12.08.58:123][  0]LogDerivedDataCache: Shared data cache path not found in *engine.ini, will not use an Shared cache.
[2021.04.19-12.08.58:123][  0]LogDerivedDataCache: Unable to find inner node Shared for hierarchical cache Hierarchy.
[2021.04.19-12.08.58:145][  0]LogMaterial: Verifying Global Shaders for PCD3D_SM5
[2021.04.19-12.08.58:147][  0]LogSlate: Using FreeType 2.6.0
[2021.04.19-12.08.58:148][  0]LogSlate: SlateFontServices - WITH_FREETYPE: 1, WITH_HARFBUZZ: 1
[2021.04.19-12.08.58:214][  0]LogAssetRegistry: FAssetRegistry took 0.0027 seconds to start up
[2021.04.19-12.08.58:457][  0]LogInit: Selected Device Profile: [Windows]
[2021.04.19-12.08.58:594][  0]LogMeshReduction: Using QuadricMeshReduction for automatic static mesh reduction
[2021.04.19-12.08.58:594][  0]LogMeshReduction: Using SimplygonMeshReduction for automatic skeletal mesh reduction
[2021.04.19-12.08.58:594][  0]LogMeshReduction: Using ProxyLODMeshReduction for automatic mesh merging
[2021.04.19-12.08.58:594][  0]LogMeshReduction: No distributed automatic mesh merging module available
[2021.04.19-12.08.58:594][  0]LogMeshMerging: No distributed automatic mesh merging module available
[2021.04.19-12.08.58:603][  0]LogNetVersion: Heartwars 1.0.0, NetCL: 8386587, EngineNetVer: 11, GameNetVer: 0 (Checksum: 780475204)
[2021.04.19-12.08.58:989][  0]LogPackageLocalizationCache: Processed 12 localized package path(s) for 1 prioritized culture(s) in 0.037353 seconds
[2021.04.19-12.08.58:997][  0]LogUObjectArray: 43444 objects as part of root set at end of initial load.
[2021.04.19-12.08.58:997][  0]LogUObjectAllocator: 7548648 out of 0 bytes used by permanent object pool.
[2021.04.19-12.08.58:997][  0]LogUObjectArray: CloseDisregardForGC: 0/0 objects in disregard for GC pool
[2021.04.19-12.08.59:889][  0]LogTcpMessaging: Initializing TcpMessaging bridge
[2021.04.19-12.08.59:892][  0]LogUdpMessaging: Initializing bridge on interface 0.0.0.0:0 to multicast group 230.0.0.1:6666.
[2021.04.19-12.08.59:941][  0]SourceControl: Source control is disabled
[2021.04.19-12.08.59:941][  0]SourceControl: Source control is disabled
[2021.04.19-12.08.59:942][  0]SourceControl: Source control is disabled
[2021.04.19-12.08.59:943][  0]SourceControl: Source control is disabled
[2021.04.19-12.09.00:028][  0]LogAndroidPermission: UAndroidPermissionCallbackProxy::GetInstance
[2021.04.19-12.09.00:150][  0]LogOcInput: OculusInput pre-init called
[2021.04.19-12.09.00:156][  0]LogWindows: Failed to load 'OVRPlugin.dll' (GetLastError=126)
[2021.04.19-12.09.00:156][  0]LogWindows: File 'OVRPlugin.dll' does not exist
[2021.04.19-12.09.00:224][  0]LogEngine: Initializing Engine...
[2021.04.19-12.09.00:224][  0]LogHMD: Failed to initialize OpenVR with code 110
[2021.04.19-12.09.00:225][  0]LogStats: UGameplayTagsManager::InitializeManager -  0.000 s
[2021.04.19-12.09.00:424][  0]LogInit: Initializing FReadOnlyCVARCache
[2021.04.19-12.09.00:434][  0]LogAIModule: Creating AISystem for world Untitled
[2021.04.19-12.09.00:469][  0]LogInit: XAudio2 using 'Наушники (2- Arctis 7 Game)' : 2 channels at 48 kHz using 16 bits per sample (channel mask 0x3)
[2021.04.19-12.09.00:532][  0]LogInit: FAudioDevice initialized.
[2021.04.19-12.09.00:533][  0]LogNetVersion: Set ProjectVersion to 1.0.0.0. Version Checksum will be recalculated on next use.
[2021.04.19-12.09.00:606][  0]LogDerivedDataCache: Saved boot cache 0.07s 73MB C:/Users/iv_fo/AppData/Local/UnrealEngine/4.23/DerivedDataCache/Boot.ddc.
[2021.04.19-12.09.00:609][  0]LogInit: Texture streaming: Enabled
[2021.04.19-12.09.00:623][  0]LogEngineSessionManager: EngineSessionManager initialized
[2021.04.19-12.09.00:623][  0]LogEditorSessionSummary: Verbose: Initializing EditorSessionSummaryWriter for editor session tracking
[2021.04.19-12.09.00:624][  0]LogEditorSessionSummary: EditorSessionSummaryWriter initialized
[2021.04.19-12.09.00:660][  0]LogInit: Transaction tracking system initialized
[2021.04.19-12.09.00:685][  0]BlueprintLog: New page: Editor Load
[2021.04.19-12.09.00:751][  0]LocalizationService: Localization service is disabled
[2021.04.19-12.09.00:979][  0]LogFileCache: Scanning file cache for directory 'E:/Studies/Game Production 2/Heartwars/Heartwars/Content/' took 0.00s
[2021.04.19-12.09.00:979][  0]LogCook: Display: Max memory allowance for cook 16384mb min free memory 0mb
[2021.04.19-12.09.00:979][  0]LogCook: Display: Mobile HDR setting 1
[2021.04.19-12.09.01:144][  0]SourceControl: Source control is disabled
[2021.04.19-12.09.01:144][  0]Cmd: MAP LOAD FILE="../../../Engine/Content/Maps/Templates/Template_Default.umap" TEMPLATE=1 SHOWPROGRESS=1 FEATURELEVEL=3
[2021.04.19-12.09.01:145][  0]LightingResults: New page: Lighting Build
[2021.04.19-12.09.01:148][  0]LogWorld: UWorld::CleanupWorld for Untitled, bSessionEnded=true, bCleanupResources=true
[2021.04.19-12.09.01:148][  0]MapCheck: New page: Map Check
[2021.04.19-12.09.01:148][  0]LightingResults: New page: Lighting Build
[2021.04.19-12.09.01:169][  0]LogUObjectHash: Compacting FUObjectHashTables data took   1.44ms
[2021.04.19-12.09.01:256][  0]LogAIModule: Creating AISystem for world Untitled_1
[2021.04.19-12.09.01:262][  0]LogEditorServer: Finished looking for orphan Actors (0.000 secs)
[2021.04.19-12.09.01:284][  0]LogUObjectHash: Compacting FUObjectHashTables data took   1.91ms
[2021.04.19-12.09.01:284][  0]Cmd: MAP CHECKDEP NOCLEARLOG
[2021.04.19-12.09.01:284][  0]MapCheck: Map check complete: 0 Error(s), 0 Warning(s), took 0.11ms to complete.
[2021.04.19-12.09.01:284][  0]LogFileHelpers: Loading map 'Template_Default' took 0.140
[2021.04.19-12.09.01:383][  0]LogSlate: Updating window title bar state: overlay mode, drag disabled, window buttons hidden, title bar hidden
[2021.04.19-12.09.01:389][  0]LogSlate: Updating window title bar state: overlay mode, drag disabled, window buttons hidden, title bar hidden
[2021.04.19-12.09.01:396][  0]LogSlate: Updating window title bar state: overlay mode, drag disabled, window buttons hidden, title bar hidden
[2021.04.19-12.09.01:403][  0]LogSlate: Updating window title bar state: overlay mode, drag disabled, window buttons hidden, title bar hidden
[2021.04.19-12.09.01:408][  0]LogCollectionManager: Loaded 0 collections in 0.001359 seconds
[2021.04.19-12.09.01:414][  0]LogFileCache: Scanning file cache for directory 'E:/Studies/Game Production 2/Heartwars/Heartwars/Saved/Collections/' took 0.00s
[2021.04.19-12.09.01:414][  0]LogFileCache: Scanning file cache for directory 'E:/Studies/Game Production 2/Heartwars/Heartwars/Content/Developers/ivfo/Collections/' took 0.00s
[2021.04.19-12.09.01:414][  0]LogFileCache: Scanning file cache for directory 'E:/Studies/Game Production 2/Heartwars/Heartwars/Content/Collections/' took 0.00s
[2021.04.19-12.09.01:414][  0]LogCollectionManager: Rebuilt the GUID cache for 0 collections in 0.000001 seconds
[2021.04.19-12.09.01:421][  0]LogContentBrowser: Native class hierarchy populated in 0.0074 seconds. Added 2864 classes and 682 folders.
[2021.04.19-12.09.01:426][  0]LogContentBrowser: Native class hierarchy updated for 'WidgetCarousel' in 0.0003 seconds. Added 0 classes and 0 folders.
[2021.04.19-12.09.01:490][  0]LogContentBrowser: Native class hierarchy updated for 'AddContentDialog' in 0.0002 seconds. Added 0 classes and 0 folders.
[2021.04.19-12.09.01:547][  0]LogSlate: Took 0.000228 seconds to synchronously load lazily loaded font '../../../Engine/Content/Slate/Fonts/Roboto-Regular.ttf' (155K)
[2021.04.19-12.09.01:552][  0]LogSlate: Took 0.000233 seconds to synchronously load lazily loaded font '../../../Engine/Content/Slate/Fonts/Roboto-Bold.ttf' (160K)
[2021.04.19-12.09.01:553][  0]LogSlate: Took 0.000178 seconds to synchronously load lazily loaded font '../../../Engine/Content/Editor/Slate/Fonts/FontAwesome.ttf' (139K)
[2021.04.19-12.09.01:604][  0]LogRenderer: Reallocating scene render targets to support 1144x564 Format 10 NumSamples 1 (Frame:1).
[2021.04.19-12.09.01:679][  0]LogContentBrowser: Native class hierarchy updated for 'HierarchicalLODOutliner' in 0.0002 seconds. Added 0 classes and 0 folders.
[2021.04.19-12.09.01:679][  0]LogLoad: (Engine Initialization) Total time: 7.04 seconds
[2021.04.19-12.09.01:679][  0]LogLoad: (Engine Initialization) Total Blueprint compile time: 0.00 seconds
[2021.04.19-12.09.01:727][  0]LogAssetRegistry: Asset discovery search completed in 3.5138 seconds
[2021.04.19-12.09.01:729][  0]LogCollectionManager: Rebuilt the object cache for 0 collections in 0.000004 seconds (found 0 objects)
[2021.04.19-12.09.01:729][  0]LogCollectionManager: Fixed up redirectors for 0 collections in 0.000043 seconds (updated 0 objects)
[2021.04.19-12.09.01:731][  0]LogContentStreaming: Texture pool size now 1000 MB
[2021.04.19-12.09.01:752][  0]LogSlate: Took 0.000214 seconds to synchronously load lazily loaded font '../../../Engine/Content/Slate/Fonts/Roboto-Light.ttf' (167K)
[2021.04.19-12.09.02:699][111]LogSlate: Took 0.000245 seconds to synchronously load lazily loaded font '../../../Engine/Content/Slate/Fonts/Roboto-Light.ttf' (167K)
[2021.04.19-12.09.50:407][632]LogSlate: FSceneViewport::OnFocusLost() reason 0
[2021.04.19-12.09.50:559][647]LogAssetEditorManager: Opening Asset editor for Blueprint /Game/Blueprints/HexGrid_BP.HexGrid_BP
[2021.04.19-12.09.50:778][647]LogContentBrowser: Native class hierarchy updated for 'BlueprintGraph' in 0.0006 seconds. Added 121 classes and 0 folders.
[2021.04.19-12.09.51:627][647]LogSlate: Took 0.000255 seconds to synchronously load lazily loaded font '../../../Engine/Content/Slate/Fonts/Roboto-BoldCondensed.ttf' (158K)
[2021.04.19-12.10.01:745][837]LogEditorSessionSummary: EditorSessionSummary sent report. Type=Shutdown, SessionId={45EB43BE-4070-CD29-56E9-988814E8E4A9}
[2021.04.19-12.10.01:745][837]LogEditorSessionSummary: EditorSessionSummary sent report. Type=Shutdown, SessionId={D8996AC3-422D-25AA-2F83-CD988DC33D74}
[2021.04.19-12.10.58:259][ 95]LogSlate: Took 0.019402 seconds to synchronously load lazily loaded font '../../../Engine/Content/Slate/Fonts/Roboto-Italic.ttf' (157K)
[2021.04.19-12.12.42:520][348]LogSlate: Took 0.006455 seconds to synchronously load lazily loaded font '../../../Engine/Content/Slate/Fonts/Roboto-BoldCondensedItalic.ttf' (160K)
[2021.04.19-12.19.02:134][978]LogUObjectHash: Compacting FUObjectHashTables data took   3.41ms
[2021.04.19-12.19.02:134][978]LogFileHelpers: Editor autosave (incl. sublevels) for '/Temp/Untitled_1' took 0.044
[2021.04.19-12.19.02:136][978]OBJ SavePackage: Generating thumbnails for [0] asset(s) in package [/Game/Blueprints/HexGrid_BP] ([1] browsable assets)...
[2021.04.19-12.19.02:136][978]OBJ SavePackage: Finished generating thumbnails for package [/Game/Blueprints/HexGrid_BP]
[2021.04.19-12.19.02:197][978]LogSavePackage: Moving '../../../../../../Studies/Game Production 2/Heartwars/Heartwars/Saved/HexGrid_BP_Auto19B8DD5504F22BB3F27D0C191D7FD3166.tmp' to '../../../../../../Studies/Game Production 2/Heartwars/Heartwars/Saved/Autosaves/Game/Blueprints/HexGrid_BP_Auto1.uasset'
[2021.04.19-12.19.02:211][978]LogFileHelpers: Auto-saving content packages took 0.076
[2021.04.19-12.19.02:738][980]LogEditorSessionSummary: EditorSessionSummary sent report. Type=Shutdown, SessionId={048331B6-49A6-27C3-821E-01852AF811DE}
[2021.04.19-12.22.38:002][622]LogWindowsTextInputMethodSystem: Display: IME system now deactivated.
[2021.04.19-12.22.38:002][622]LogWindowsTextInputMethodSystem: Display: IME system now deactivated.
[2021.04.19-12.23.59:712][805]LogWindowsTextInputMethodSystem: Display: IME system now deactivated.
[2021.04.19-12.23.59:712][805]LogWindowsTextInputMethodSystem: Display: IME system now deactivated.
[2021.04.19-12.24.42:503][231]LogWindowsTextInputMethodSystem: Display: IME system now deactivated.
[2021.04.19-12.24.42:503][231]LogWindowsTextInputMethodSystem: Display: IME system now deactivated.
[2021.04.19-12.26.51:665][301]BlueprintLog: New page: Compile HexGrid_BP
[2021.04.19-12.26.51:924][301]LogUObjectHash: Compacting FUObjectHashTables data took   2.88ms
[2021.04.19-12.27.06:558][567]LogSlate: FSceneViewport::OnFocusLost() reason 0
[2021.04.19-12.27.55:905][ 16]Cmd: OBJ SAVEPACKAGE PACKAGE="/Game/Blueprints/HexGrid_BP" FILE="../../../../../../Studies/Game Production 2/Heartwars/Heartwars/Content/Blueprints/HexGrid_BP.uasset" SILENT=true
[2021.04.19-12.27.55:930][ 16]LogSavePackage: Moving '../../../../../../Studies/Game Production 2/Heartwars/Heartwars/Saved/HexGrid_BP76276F0B4C4C1FFFBA5160AA10BDA32B.tmp' to '../../../../../../Studies/Game Production 2/Heartwars/Heartwars/Content/Blueprints/HexGrid_BP.uasset'
[2021.04.19-12.29.06:003][911]LogUObjectHash: Compacting FUObjectHashTables data took   2.98ms
[2021.04.19-12.29.06:035][911]LogSavePackage: Moving '../../../../../../Studies/Game Production 2/Heartwars/Heartwars/Saved/Untitled_1_Auto2474144E74A204DFD67C5D190C093BFBC.tmp' to '../../../../../../Studies/Game Production 2/Heartwars/Heartwars/Saved/Autosaves/Temp/Untitled_1_Auto2.umap'
[2021.04.19-12.29.06:048][911]LogFileHelpers: Editor autosave (incl. sublevels) for '/Temp/Untitled_1' took 0.123
[2021.04.19-12.29.06:048][911]LogFileHelpers: Editor autosave (incl. sublevels) for all levels took 0.123
[2021.04.19-12.29.06:050][911]OBJ SavePackage: Generating thumbnails for [0] asset(s) in package [/Game/Blueprints/HexGrid_BP] ([1] browsable assets)...
[2021.04.19-12.29.06:051][911]OBJ SavePackage: Finished generating thumbnails for package [/Game/Blueprints/HexGrid_BP]
[2021.04.19-12.29.06:062][911]LogSavePackage: Moving '../../../../../../Studies/Game Production 2/Heartwars/Heartwars/Saved/HexGrid_BP_Auto2C163BCDF4D1C6A37349D048540804D1F.tmp' to '../../../../../../Studies/Game Production 2/Heartwars/Heartwars/Saved/Autosaves/Game/Blueprints/HexGrid_BP_Auto2.uasset'
[2021.04.19-12.29.06:063][911]LogFileHelpers: Auto-saving content packages took 0.014
[2021.04.19-12.44.33:307][762]LogWindowsTextInputMethodSystem: Display: IME system now deactivated.
[2021.04.19-12.44.33:307][762]LogWindowsTextInputMethodSystem: Display: IME system now deactivated.
[2021.04.19-12.46.12:081][610]LogUObjectHash: Compacting FUObjectHashTables data took   2.49ms
[2021.04.19-12.46.12:081][610]LogFileHelpers: Editor autosave (incl. sublevels) for '/Temp/Untitled_1' took 0.030
[2021.04.19-12.46.12:083][610]OBJ SavePackage: Generating thumbnails for [0] asset(s) in package [/Game/Blueprints/HexGrid_BP] ([1] browsable assets)...
[2021.04.19-12.46.12:083][610]OBJ SavePackage: Finished generating thumbnails for package [/Game/Blueprints/HexGrid_BP]
[2021.04.19-12.46.12:108][610]LogSavePackage: Moving '../../../../../../Studies/Game Production 2/Heartwars/Heartwars/Saved/HexGrid_BP_Auto3E4A1F61F4D37D1C3136AA993CAFA755B.tmp' to '../../../../../../Studies/Game Production 2/Heartwars/Heartwars/Saved/Autosaves/Game/Blueprints/HexGrid_BP_Auto3.uasset'
[2021.04.19-12.46.12:109][610]LogFileHelpers: Auto-saving content packages took 0.026
[2021.04.19-12.49.52:162][313]LogEditorTransaction: Undo Create Pin Link
[2021.04.19-12.51.44:682][106]BlueprintLog: New page: Compile HexGrid_BP
[2021.04.19-12.51.44:871][106]LogUObjectHash: Compacting FUObjectHashTables data took   3.80ms
[2021.04.19-12.51.48:904][578]LogEditorViewport: Clicking on Actor (LMB): StaticMeshActor (Floor)
[2021.04.19-12.51.50:336][745]LogSlate: FSceneViewport::OnFocusLost() reason 0
[2021.04.19-12.51.58:110][556]LogSlate: FSceneViewport::OnFocusLost() reason 0
[2021.04.19-12.52.02:103][894]LogEditorViewport: Clicking on Actor (LMB): BP_Sky_Sphere_C (Sky Sphere)
[2021.04.19-12.52.39:189][590]LogEditorViewport: Clicking on Actor (LMB): HexGrid_BP_C (HexGrid_BP)
[2021.04.19-12.52.41:211][757]LogSlate: FSceneViewport::OnFocusLost() reason 0
