Log file open, 04/20/21 11:14:17
LogWindows: Failed to load 'aqProf.dll' (GetLastError=126)
LogWindows: File 'aqProf.dll' does not exist
LogWindows: Failed to load 'VtuneApi.dll' (GetLastError=126)
LogWindows: File 'VtuneApi.dll' does not exist
LogWindows: Failed to load 'VtuneApi32e.dll' (GetLastError=126)
LogWindows: File 'VtuneApi32e.dll' does not exist
LogConsoleResponse: Display: Failed to find resolution value strings in scalability ini. Falling back to default.
LogInit: Display: Running engine for game: Heartwars
LogPlatformFile: Not using cached read wrapper
LogTaskGraph: Started task graph with 5 named threads and 23 total threads with 3 sets of task threads.
LogStats: Stats thread started at 0.090321
LogD3D11RHI: Loaded GFSDK_Aftermath_Lib.x64.dll
LogICUInternationalization: ICU TimeZone Detection - Raw Offset: +1:00, Platform Override: ''
LogPluginManager: Mounting plugin Paper2D
LogPluginManager: Mounting plugin AISupport
LogPluginManager: Mounting plugin LightPropagationVolume
LogPluginManager: Mounting plugin ActorLayerUtilities
LogPluginManager: Mounting plugin AnimationSharing
LogPluginManager: Mounting plugin CLionSourceCodeAccess
LogPluginManager: Mounting plugin CodeLiteSourceCodeAccess
LogPluginManager: Mounting plugin GitSourceControl
LogPluginManager: Mounting plugin KDevelopSourceCodeAccess
LogPluginManager: Mounting plugin NullSourceCodeAccess
LogPluginManager: Mounting plugin PerforceSourceControl
LogPluginManager: Mounting plugin SubversionSourceControl
LogPluginManager: Mounting plugin UObjectPlugin
LogPluginManager: Mounting plugin VisualStudioCodeSourceCodeAccess
LogPluginManager: Mounting plugin VisualStudioSourceCodeAccess
LogPluginManager: Mounting plugin XCodeSourceCodeAccess
LogPluginManager: Mounting plugin AssetManagerEditor
LogPluginManager: Mounting plugin CryptoKeys
LogPluginManager: Mounting plugin CurveEditorTools
LogPluginManager: Mounting plugin DataValidation
LogPluginManager: Mounting plugin FacialAnimation
LogPluginManager: Mounting plugin GameplayTagsEditor
LogPluginManager: Mounting plugin MacGraphicsSwitching
LogPluginManager: Mounting plugin MaterialAnalyzer
LogPluginManager: Mounting plugin MobileLauncherProfileWizard
LogPluginManager: Mounting plugin PluginBrowser
LogPluginManager: Mounting plugin SpeedTreeImporter
LogPluginManager: Mounting plugin DatasmithContent
LogPluginManager: Mounting plugin VariantManagerContent
LogPluginManager: Mounting plugin AlembicImporter
LogPluginManager: Mounting plugin AutomationUtils
LogPluginManager: Mounting plugin BackChannel
LogPluginManager: Mounting plugin CharacterAI
LogPluginManager: Mounting plugin GeometryCache
LogPluginManager: Mounting plugin HTML5Networking
LogPluginManager: Mounting plugin PlatformCrypto
LogPluginManager: Mounting plugin ProxyLODPlugin
LogPluginManager: Mounting plugin SkeletalReduction
LogPluginManager: Mounting plugin MagicLeap
LogPluginManager: Mounting plugin MagicLeapMedia
LogPluginManager: Mounting plugin AndroidMedia
LogPluginManager: Mounting plugin AvfMedia
LogPluginManager: Mounting plugin ImgMedia
LogPluginManager: Mounting plugin MediaCompositing
LogPluginManager: Mounting plugin MediaPlayerEditor
LogPluginManager: Mounting plugin WebMMedia
LogPluginManager: Mounting plugin WmfMedia
LogPluginManager: Mounting plugin TcpMessaging
LogPluginManager: Mounting plugin UdpMessaging
LogPluginManager: Mounting plugin ActorSequence
LogPluginManager: Mounting plugin LevelSequenceEditor
LogPluginManager: Mounting plugin MatineeToLevelSequence
LogPluginManager: Mounting plugin NetcodeUnitTest
LogPluginManager: Mounting plugin NUTUnrealEngine4
LogPluginManager: Mounting plugin OnlineSubsystemGooglePlay
LogPluginManager: Mounting plugin OnlineSubsystemIOS
LogPluginManager: Mounting plugin OnlineSubsystem
LogPluginManager: Mounting plugin OnlineSubsystemNull
LogPluginManager: Mounting plugin OnlineSubsystemUtils
LogPluginManager: Mounting plugin LauncherChunkInstaller
LogPluginManager: Mounting plugin AndroidDeviceProfileSelector
LogPluginManager: Mounting plugin AndroidMoviePlayer
LogPluginManager: Mounting plugin AndroidPermission
LogPluginManager: Mounting plugin AppleImageUtils
LogPluginManager: Mounting plugin AppleMoviePlayer
LogPluginManager: Mounting plugin ArchVisCharacter
LogPluginManager: Mounting plugin AudioCapture
LogPluginManager: Mounting plugin CableComponent
LogPluginManager: Mounting plugin CustomMeshComponent
LogPluginManager: Mounting plugin EditableMesh
LogPluginManager: Mounting plugin ExampleDeviceProfileSelector
LogPluginManager: Mounting plugin GoogleCloudMessaging
LogPluginManager: Mounting plugin IOSDeviceProfileSelector
LogPluginManager: Mounting plugin LinuxDeviceProfileSelector
LogPluginManager: Mounting plugin LocationServicesBPLibrary
LogPluginManager: Mounting plugin MobilePatchingUtils
LogPluginManager: Mounting plugin OculusVR
LogPluginManager: Mounting plugin PhysXVehicles
LogPluginManager: Mounting plugin ProceduralMeshComponent
LogPluginManager: Mounting plugin RuntimePhysXCooking
LogPluginManager: Mounting plugin SignificanceManager
LogPluginManager: Mounting plugin SteamVR
LogPluginManager: Mounting plugin WebMMoviePlayer
LogPluginManager: Mounting plugin WindowsMoviePlayer
LogPluginManager: Mounting plugin ScreenshotTools
LogInit: Using libcurl 7.55.1-DEV
LogInit:  - built for x86_64-pc-win32
LogInit:  - supports SSL with OpenSSL/1.1.1
LogInit:  - supports HTTP deflate (compression) using libz 1.2.8
LogInit:  - other features:
LogInit:      CURL_VERSION_SSL
LogInit:      CURL_VERSION_LIBZ
LogInit:      CURL_VERSION_IPV6
LogInit:      CURL_VERSION_ASYNCHDNS
LogInit:      CURL_VERSION_LARGEFILE
LogInit:      CURL_VERSION_IDN
LogInit:  CurlRequestOptions (configurable via config and command line):
LogInit:  - bVerifyPeer = true  - Libcurl will verify peer certificate
LogInit:  - bUseHttpProxy = false  - Libcurl will NOT use HTTP proxy
LogInit:  - bDontReuseConnections = false  - Libcurl will reuse connections
LogInit:  - MaxHostConnections = 16  - Libcurl will limit the number of connections to a host
LogInit:  - LocalHostAddr = Default
LogInit:  - BufferSize = 65536
LogOnline: OSS: Creating online subsystem instance for: NULL
LogInit: WinSock: version 1.1 (2.2), MaxSocks=32767, MaxUdp=65467
LogInit: Build: ++UE4+Release-4.23-CL-9631420
LogInit: Engine Version: 4.23.1-9631420+++UE4+Release-4.23
LogInit: Compatible Engine Version: 4.23.0-8386587+++UE4+Release-4.23
LogInit: Net CL: 8386587
LogInit: OS: Windows 10 (Release 2009) (), CPU: Intel(R) Core(TM) i7-4790K CPU @ 4.00GHz, GPU: NVIDIA GeForce GTX 1070
LogInit: Compiled (64-bit): Oct 18 2019 02:07:44
LogInit: Compiled with Visual C++: 19.16.27030.01
LogInit: Build Configuration: Development
LogInit: Branch Name: ++UE4+Release-4.23
LogInit: Command Line:  -EpicPortal -epicusername=PastaLaBasta -epicuserid=ad91ad32345546e9a72348c23e76b0e9 -epiclocale=en
LogInit: Base Directory: D:/Programs/Epic Games/UE_4.23/Engine/Binaries/Win64/
LogInit: Installed Engine Build: 1
LogDevObjectVersion: Number of dev versions registered: 23
LogDevObjectVersion:   Dev-Blueprints (B0D832E4-1F89-4F0D-ACCF-7EB736FD4AA2): 10
LogDevObjectVersion:   Dev-Build (E1C64328-A22C-4D53-A36C-8E866417BD8C): 0
LogDevObjectVersion:   Dev-Core (375EC13C-06E4-48FB-B500-84F0262A717E): 3
LogDevObjectVersion:   Dev-Editor (E4B068ED-F494-42E9-A231-DA0B2E46BB41): 34
LogDevObjectVersion:   Dev-Framework (CFFC743F-43B0-4480-9391-14DF171D2073): 35
LogDevObjectVersion:   Dev-Mobile (B02B49B5-BB20-44E9-A304-32B752E40360): 2
LogDevObjectVersion:   Dev-Networking (A4E4105C-59A1-49B5-A7C5-40C4547EDFEE): 0
LogDevObjectVersion:   Dev-Online (39C831C9-5AE6-47DC-9A44-9C173E1C8E7C): 0
LogDevObjectVersion:   Dev-Physics (78F01B33-EBEA-4F98-B9B4-84EACCB95AA2): 0
LogDevObjectVersion:   Dev-Platform (6631380F-2D4D-43E0-8009-CF276956A95A): 0
LogDevObjectVersion:   Dev-Rendering (12F88B9F-8875-4AFC-A67C-D90C383ABD29): 31
LogDevObjectVersion:   Dev-Sequencer (7B5AE74C-D270-4C10-A958-57980B212A5A): 11
LogDevObjectVersion:   Dev-VR (D7296918-1DD6-4BDD-9DE2-64A83CC13884): 2
LogDevObjectVersion:   Dev-LoadTimes (C2A15278-BFE7-4AFE-6C17-90FF531DF755): 1
LogDevObjectVersion:   Private-Geometry (6EACA3D4-40EC-4CC1-B786-8BED09428FC5): 3
LogDevObjectVersion:   Dev-AnimPhys (29E575DD-E0A3-4627-9D10-D276232CDCEA): 17
LogDevObjectVersion:   Dev-Anim (AF43A65D-7FD3-4947-9873-3E8ED9C1BB05): 2
LogDevObjectVersion:   Dev-ReflectionCapture (6B266CEC-1EC7-4B8F-A30B-E4D90942FC07): 1
LogDevObjectVersion:   Dev-Automation (0DF73D61-A23F-47EA-B727-89E90C41499A): 1
LogDevObjectVersion:   FortniteMain (601D1886-AC64-4F84-AA16-D3DE0DEAC7D6): 27
LogDevObjectVersion:   Dev-Enterprise (9DFFBCD6-494F-0158-E221-12823C92A888): 6
LogDevObjectVersion:   Dev-Niagara (F2AED0AC-9AFE-416F-8664-AA7FFA26D6FC): 1
LogDevObjectVersion:   Dev-Destruction (174F1F0B-B4C6-45A5-B13F-2EE8D0FB917D): 9
LogInit: Presizing for max 16777216 objects, including 0 objects not considered by GC, pre-allocating 0 bytes for permanent pool.
LogInit: Object subsystem initialized
LogConfig: Setting CVar [[con.DebugEarlyDefault:1]]
LogConfig: Setting CVar [[r.setres:1280x720]]
[2021.04.20-09.14.18:181][  0]LogConfig: Setting CVar [[r.VSync:0]]
[2021.04.20-09.14.18:181][  0]LogConfig: Setting CVar [[r.RHICmdBypass:0]]
[2021.04.20-09.14.18:181][  0]LogConfig: Applying CVar settings from Section [/Script/Engine.RendererSettings] File [D:/DannesPC/Documents/GitHub/Heartwars/Heartwars/Saved/Config/Windows/Engine.ini]
[2021.04.20-09.14.18:181][  0]LogConfig: Setting CVar [[r.GPUCrashDebugging:0]]
[2021.04.20-09.14.18:181][  0]LogConfig: Setting CVar [[r.MobileHDR:1]]
[2021.04.20-09.14.18:181][  0]LogConfig: Setting CVar [[r.Mobile.DisableVertexFog:1]]
[2021.04.20-09.14.18:181][  0]LogConfig: Setting CVar [[r.Shadow.CSM.MaxMobileCascades:2]]
[2021.04.20-09.14.18:181][  0]LogConfig: Setting CVar [[r.MobileMSAA:1]]
[2021.04.20-09.14.18:181][  0]LogConfig: Setting CVar [[r.Mobile.UseLegacyShadingModel:0]]
[2021.04.20-09.14.18:181][  0]LogConfig: Setting CVar [[r.Mobile.UseHWsRGBEncoding:0]]
[2021.04.20-09.14.18:181][  0]LogConfig: Setting CVar [[r.Mobile.AllowDitheredLODTransition:0]]
[2021.04.20-09.14.18:181][  0]LogConfig: Setting CVar [[r.Mobile.AllowSoftwareOcclusion:0]]
[2021.04.20-09.14.18:181][  0]LogConfig: Setting CVar [[r.DiscardUnusedQuality:0]]
[2021.04.20-09.14.18:181][  0]LogConfig: Setting CVar [[r.AllowOcclusionQueries:1]]
[2021.04.20-09.14.18:181][  0]LogConfig: Setting CVar [[r.MinScreenRadiusForLights:0.030000]]
[2021.04.20-09.14.18:181][  0]LogConfig: Setting CVar [[r.MinScreenRadiusForDepthPrepass:0.030000]]
[2021.04.20-09.14.18:181][  0]LogConfig: Setting CVar [[r.MinScreenRadiusForCSMDepth:0.010000]]
[2021.04.20-09.14.18:181][  0]LogConfig: Setting CVar [[r.PrecomputedVisibilityWarning:0]]
[2021.04.20-09.14.18:181][  0]LogConfig: Setting CVar [[r.TextureStreaming:1]]
[2021.04.20-09.14.18:181][  0]LogConfig: Setting CVar [[Compat.UseDXT5NormalMaps:0]]
[2021.04.20-09.14.18:181][  0]LogConfig: Setting CVar [[r.VirtualTextures:0]]
[2021.04.20-09.14.18:181][  0]LogConfig: Setting CVar [[r.VirtualTexturedLightmaps:0]]
[2021.04.20-09.14.18:181][  0]LogConfig: Setting CVar [[r.VT.TileSize:128]]
[2021.04.20-09.14.18:181][  0]LogConfig: Setting CVar [[r.VT.TileBorderSize:4]]
[2021.04.20-09.14.18:181][  0]LogConfig: Setting CVar [[r.vt.FeedbackFactor:16]]
[2021.04.20-09.14.18:181][  0]LogConfig: Setting CVar [[r.VT.EnableCompressZlib:1]]
[2021.04.20-09.14.18:181][  0]LogConfig: Setting CVar [[r.VT.EnableCompressCrunch:0]]
[2021.04.20-09.14.18:181][  0]LogConfig: Setting CVar [[r.ClearCoatNormal:0]]
[2021.04.20-09.14.18:181][  0]LogConfig: Setting CVar [[r.ReflectionCaptureResolution:128]]
[2021.04.20-09.14.18:181][  0]LogConfig: Setting CVar [[r.ReflectionEnvironmentLightmapMixBasedOnRoughness:1]]
[2021.04.20-09.14.18:181][  0]LogConfig: Setting CVar [[r.ForwardShading:0]]
[2021.04.20-09.14.18:181][  0]LogConfig: Setting CVar [[r.VertexFoggingForOpaque:1]]
[2021.04.20-09.14.18:181][  0]LogConfig: Setting CVar [[r.AllowStaticLighting:1]]
[2021.04.20-09.14.18:181][  0]LogConfig: Setting CVar [[r.NormalMapsForStaticLighting:0]]
[2021.04.20-09.14.18:181][  0]LogConfig: Setting CVar [[r.GenerateMeshDistanceFields:0]]
[2021.04.20-09.14.18:181][  0]LogConfig: Setting CVar [[r.DistanceFieldBuild.EightBit:0]]
[2021.04.20-09.14.18:181][  0]LogConfig: Setting CVar [[r.GenerateLandscapeGIData:0]]
[2021.04.20-09.14.18:181][  0]LogConfig: Setting CVar [[r.DistanceFieldBuild.Compress:0]]
[2021.04.20-09.14.18:181][  0]LogConfig: Setting CVar [[r.TessellationAdaptivePixelsPerTriangle:48.000000]]
[2021.04.20-09.14.18:181][  0]LogConfig: Setting CVar [[r.SeparateTranslucency:1]]
[2021.04.20-09.14.18:181][  0]LogConfig: Setting CVar [[r.TranslucentSortPolicy:0]]
[2021.04.20-09.14.18:181][  0]LogConfig: Setting CVar [[r.CustomDepth:1]]
[2021.04.20-09.14.18:181][  0]LogConfig: Setting CVar [[r.CustomDepthTemporalAAJitter:1]]
[2021.04.20-09.14.18:182][  0]LogConfig: Setting CVar [[r.PostProcessing.PropagateAlpha:0]]
[2021.04.20-09.14.18:182][  0]LogConfig: Setting CVar [[r.DefaultFeature.Bloom:1]]
[2021.04.20-09.14.18:182][  0]LogConfig: Setting CVar [[r.DefaultFeature.AmbientOcclusion:1]]
[2021.04.20-09.14.18:182][  0]LogConfig: Setting CVar [[r.DefaultFeature.AmbientOcclusionStaticFraction:1]]
[2021.04.20-09.14.18:182][  0]LogConfig: Setting CVar [[r.DefaultFeature.AutoExposure:0]]
[2021.04.20-09.14.18:182][  0]LogConfig: Setting CVar [[r.DefaultFeature.AutoExposure.Method:0]]
[2021.04.20-09.14.18:182][  0]LogConfig: Setting CVar [[r.DefaultFeature.AutoExposure.ExtendDefaultLuminanceRange:1]]
[2021.04.20-09.14.18:182][  0]LogConfig: Setting CVar [[r.UsePreExposure:1]]
[2021.04.20-09.14.18:182][  0]LogConfig: Setting CVar [[r.EyeAdaptation.EditorOnly:1]]
[2021.04.20-09.14.18:182][  0]LogConfig: Setting CVar [[r.DefaultFeature.MotionBlur:0]]
[2021.04.20-09.14.18:182][  0]LogConfig: Setting CVar [[r.DefaultFeature.LensFlare:0]]
[2021.04.20-09.14.18:182][  0]LogConfig: Setting CVar [[r.TemporalAA.Upsampling:0]]
[2021.04.20-09.14.18:182][  0]LogConfig: Setting CVar [[r.DefaultFeature.AntiAliasing:0]]
[2021.04.20-09.14.18:182][  0]LogConfig: Setting CVar [[r.DefaultFeature.LightUnits:1]]
[2021.04.20-09.14.18:182][  0]LogConfig: Setting CVar [[r.DefaultBackBufferPixelFormat:4]]
[2021.04.20-09.14.18:182][  0]LogConfig: Setting CVar [[r.Shadow.UnbuiltPreviewInGame:1]]
[2021.04.20-09.14.18:182][  0]LogConfig: Setting CVar [[r.StencilForLODDither:0]]
[2021.04.20-09.14.18:182][  0]LogConfig: Setting CVar [[r.EarlyZPass:3]]
[2021.04.20-09.14.18:182][  0]LogConfig: Setting CVar [[r.EarlyZPassOnlyMaterialMasking:0]]
[2021.04.20-09.14.18:182][  0]LogConfig: Setting CVar [[r.DBuffer:1]]
[2021.04.20-09.14.18:182][  0]LogConfig: Setting CVar [[r.ClearSceneMethod:1]]
[2021.04.20-09.14.18:182][  0]LogConfig: Setting CVar [[r.BasePassOutputsVelocity:0]]
[2021.04.20-09.14.18:182][  0]LogConfig: Setting CVar [[r.SelectiveBasePassOutputs:0]]
[2021.04.20-09.14.18:182][  0]LogConfig: Setting CVar [[fx.GPUSimulationTextureSizeX:1024]]
[2021.04.20-09.14.18:182][  0]LogConfig: Setting CVar [[fx.GPUSimulationTextureSizeY:1024]]
[2021.04.20-09.14.18:182][  0]LogConfig: Setting CVar [[r.AllowGlobalClipPlane:0]]
[2021.04.20-09.14.18:182][  0]LogConfig: Setting CVar [[r.GBufferFormat:1]]
[2021.04.20-09.14.18:182][  0]LogConfig: Setting CVar [[r.MorphTarget.Mode:1]]
[2021.04.20-09.14.18:182][  0]LogConfig: Setting CVar [[vr.InstancedStereo:0]]
[2021.04.20-09.14.18:182][  0]LogConfig: Setting CVar [[vr.MultiView:0]]
[2021.04.20-09.14.18:182][  0]LogConfig: Setting CVar [[vr.MobileMultiView:0]]
[2021.04.20-09.14.18:182][  0]LogConfig: Setting CVar [[vr.MobileMultiView.Direct:0]]
[2021.04.20-09.14.18:182][  0]LogConfig: Setting CVar [[vr.RoundRobinOcclusion:0]]
[2021.04.20-09.14.18:182][  0]LogConfig: Setting CVar [[vr.ODSCapture:0]]
[2021.04.20-09.14.18:182][  0]LogConfig: Setting CVar [[r.WireframeCullThreshold:5.000000]]
[2021.04.20-09.14.18:182][  0]LogConfig: Setting CVar [[r.RayTracing:0]]
[2021.04.20-09.14.18:182][  0]LogConfig: Setting CVar [[r.SupportStationarySkylight:1]]
[2021.04.20-09.14.18:182][  0]LogConfig: Setting CVar [[r.SupportLowQualityLightmaps:1]]
[2021.04.20-09.14.18:182][  0]LogConfig: Setting CVar [[r.SupportPointLightWholeSceneShadows:1]]
[2021.04.20-09.14.18:182][  0]LogConfig: Setting CVar [[r.SupportAtmosphericFog:1]]
[2021.04.20-09.14.18:182][  0]LogConfig: Setting CVar [[r.SkinCache.CompileShaders:0]]
[2021.04.20-09.14.18:182][  0]LogConfig: Setting CVar [[r.Mobile.EnableStaticAndCSMShadowReceivers:1]]
[2021.04.20-09.14.18:182][  0]LogConfig: Setting CVar [[r.Mobile.EnableMovableLightCSMShaderCulling:1]]
[2021.04.20-09.14.18:182][  0]LogConfig: Setting CVar [[r.Mobile.AllowDistanceFieldShadows:1]]
[2021.04.20-09.14.18:182][  0]LogConfig: Setting CVar [[r.Mobile.AllowMovableDirectionalLights:1]]
[2021.04.20-09.14.18:182][  0]LogConfig: Setting CVar [[r.MobileNumDynamicPointLights:4]]
[2021.04.20-09.14.18:182][  0]LogConfig: Setting CVar [[r.MobileDynamicPointLightsUseStaticBranch:1]]
[2021.04.20-09.14.18:182][  0]LogConfig: Setting CVar [[r.Mobile.EnableMovableSpotlights:0]]
[2021.04.20-09.14.18:182][  0]LogConfig: Setting CVar [[r.SkinCache.SceneMemoryLimitInMB:128.000000]]
[2021.04.20-09.14.18:182][  0]LogConfig: Setting CVar [[r.GPUSkin.Limit2BoneInfluences:0]]
[2021.04.20-09.14.18:182][  0]LogConfig: Setting CVar [[r.SupportDepthOnlyIndexBuffers:1]]
[2021.04.20-09.14.18:182][  0]LogConfig: Setting CVar [[r.SupportReversedIndexBuffers:1]]
[2021.04.20-09.14.18:182][  0]LogConfig: Setting CVar [[r.SupportMaterialLayers:0]]
[2021.04.20-09.14.18:182][  0]LogConfig: Applying CVar settings from Section [/Script/Engine.RendererOverrideSettings] File [D:/DannesPC/Documents/GitHub/Heartwars/Heartwars/Saved/Config/Windows/Engine.ini]
[2021.04.20-09.14.18:182][  0]LogConfig: Applying CVar settings from Section [/Script/Engine.StreamingSettings] File [D:/DannesPC/Documents/GitHub/Heartwars/Heartwars/Saved/Config/Windows/Engine.ini]
[2021.04.20-09.14.18:182][  0]LogConfig: Setting CVar [[s.MinBulkDataSizeForAsyncLoading:131072]]
[2021.04.20-09.14.18:182][  0]LogConfig: Setting CVar [[s.AsyncLoadingThreadEnabled:0]]
[2021.04.20-09.14.18:182][  0]LogConfig: Setting CVar [[s.EventDrivenLoaderEnabled:1]]
[2021.04.20-09.14.18:182][  0]LogConfig: Setting CVar [[s.WarnIfTimeLimitExceeded:0]]
[2021.04.20-09.14.18:182][  0]LogConfig: Setting CVar [[s.TimeLimitExceededMultiplier:1.5]]
[2021.04.20-09.14.18:183][  0]LogConfig: Setting CVar [[s.TimeLimitExceededMinTime:0.005]]
[2021.04.20-09.14.18:183][  0]LogConfig: Setting CVar [[s.UseBackgroundLevelStreaming:1]]
[2021.04.20-09.14.18:183][  0]LogConfig: Setting CVar [[s.PriorityAsyncLoadingExtraTime:15.0]]
[2021.04.20-09.14.18:183][  0]LogConfig: Setting CVar [[s.LevelStreamingActorsUpdateTimeLimit:5.0]]
[2021.04.20-09.14.18:183][  0]LogConfig: Setting CVar [[s.PriorityLevelStreamingActorsUpdateExtraTime:5.0]]
[2021.04.20-09.14.18:183][  0]LogConfig: Setting CVar [[s.LevelStreamingComponentsRegistrationGranularity:10]]
[2021.04.20-09.14.18:183][  0]LogConfig: Setting CVar [[s.UnregisterComponentsTimeLimit:1.0]]
[2021.04.20-09.14.18:183][  0]LogConfig: Setting CVar [[s.LevelStreamingComponentsUnregistrationGranularity:5]]
[2021.04.20-09.14.18:183][  0]LogConfig: Applying CVar settings from Section [/Script/Engine.GarbageCollectionSettings] File [D:/DannesPC/Documents/GitHub/Heartwars/Heartwars/Saved/Config/Windows/Engine.ini]
[2021.04.20-09.14.18:183][  0]LogConfig: Setting CVar [[gc.MaxObjectsNotConsideredByGC:1]]
[2021.04.20-09.14.18:183][  0]LogConfig: Setting CVar [[gc.SizeOfPermanentObjectPool:0]]
[2021.04.20-09.14.18:183][  0]LogConfig: Setting CVar [[gc.FlushStreamingOnGC:0]]
[2021.04.20-09.14.18:183][  0]LogConfig: Setting CVar [[gc.NumRetriesBeforeForcingGC:10]]
[2021.04.20-09.14.18:183][  0]LogConfig: Setting CVar [[gc.AllowParallelGC:1]]
[2021.04.20-09.14.18:183][  0]LogConfig: Setting CVar [[gc.TimeBetweenPurgingPendingKillObjects:61.1]]
[2021.04.20-09.14.18:183][  0]LogConfig: Setting CVar [[gc.MaxObjectsInEditor:16777216]]
[2021.04.20-09.14.18:183][  0]LogConfig: Setting CVar [[gc.IncrementalBeginDestroyEnabled:1]]
[2021.04.20-09.14.18:183][  0]LogConfig: Setting CVar [[gc.CreateGCClusters:1]]
[2021.04.20-09.14.18:183][  0]LogConfig: Setting CVar [[gc.MinGCClusterSize:5]]
[2021.04.20-09.14.18:183][  0]LogConfig: Setting CVar [[gc.ActorClusteringEnabled:0]]
[2021.04.20-09.14.18:183][  0]LogConfig: Setting CVar [[gc.BlueprintClusteringEnabled:0]]
[2021.04.20-09.14.18:183][  0]LogConfig: Setting CVar [[gc.UseDisregardForGCOnDedicatedServers:0]]
[2021.04.20-09.14.18:183][  0]LogConfig: Applying CVar settings from Section [/Script/Engine.NetworkSettings] File [D:/DannesPC/Documents/GitHub/Heartwars/Heartwars/Saved/Config/Windows/Engine.ini]
[2021.04.20-09.14.18:183][  0]LogConfig: Applying CVar settings from Section [/Script/UnrealEd.CookerSettings] File [D:/DannesPC/Documents/GitHub/Heartwars/Heartwars/Saved/Config/Windows/Engine.ini]
[2021.04.20-09.14.18:188][  0]LogConfig: Applying CVar settings from Section [ViewDistanceQuality@3] File [D:/DannesPC/Documents/GitHub/Heartwars/Heartwars/Saved/Config/Windows/Scalability.ini]
[2021.04.20-09.14.18:188][  0]LogConfig: Setting CVar [[r.SkeletalMeshLODBias:0]]
[2021.04.20-09.14.18:188][  0]LogConfig: Setting CVar [[r.ViewDistanceScale:1.0]]
[2021.04.20-09.14.18:188][  0]LogConfig: Applying CVar settings from Section [AntiAliasingQuality@3] File [D:/DannesPC/Documents/GitHub/Heartwars/Heartwars/Saved/Config/Windows/Scalability.ini]
[2021.04.20-09.14.18:188][  0]LogConfig: Setting CVar [[r.PostProcessAAQuality:4]]
[2021.04.20-09.14.18:188][  0]LogConfig: Applying CVar settings from Section [ShadowQuality@3] File [D:/DannesPC/Documents/GitHub/Heartwars/Heartwars/Saved/Config/Windows/Scalability.ini]
[2021.04.20-09.14.18:188][  0]LogConfig: Setting CVar [[r.LightFunctionQuality:1]]
[2021.04.20-09.14.18:188][  0]LogConfig: Setting CVar [[r.ShadowQuality:5]]
[2021.04.20-09.14.18:188][  0]LogConfig: Setting CVar [[r.Shadow.CSM.MaxCascades:10]]
[2021.04.20-09.14.18:188][  0]LogConfig: Setting CVar [[r.Shadow.MaxResolution:2048]]
[2021.04.20-09.14.18:188][  0]LogConfig: Setting CVar [[r.Shadow.MaxCSMResolution:2048]]
[2021.04.20-09.14.18:188][  0]LogConfig: Setting CVar [[r.Shadow.RadiusThreshold:0.01]]
[2021.04.20-09.14.18:188][  0]LogConfig: Setting CVar [[r.Shadow.DistanceScale:1.0]]
[2021.04.20-09.14.18:188][  0]LogConfig: Setting CVar [[r.Shadow.CSM.TransitionScale:1.0]]
[2021.04.20-09.14.18:188][  0]LogConfig: Setting CVar [[r.Shadow.PreShadowResolutionFactor:1.0]]
[2021.04.20-09.14.18:188][  0]LogConfig: Setting CVar [[r.DistanceFieldShadowing:1]]
[2021.04.20-09.14.18:188][  0]LogConfig: Setting CVar [[r.DistanceFieldAO:1]]
[2021.04.20-09.14.18:188][  0]LogConfig: Setting CVar [[r.AOQuality:2]]
[2021.04.20-09.14.18:188][  0]LogConfig: Setting CVar [[r.VolumetricFog:1]]
[2021.04.20-09.14.18:188][  0]LogConfig: Setting CVar [[r.VolumetricFog.GridPixelSize:8]]
[2021.04.20-09.14.18:188][  0]LogConfig: Setting CVar [[r.VolumetricFog.GridSizeZ:128]]
[2021.04.20-09.14.18:188][  0]LogConfig: Setting CVar [[r.VolumetricFog.HistoryMissSupersampleCount:4]]
[2021.04.20-09.14.18:188][  0]LogConfig: Setting CVar [[r.LightMaxDrawDistanceScale:1]]
[2021.04.20-09.14.18:188][  0]LogConfig: Setting CVar [[r.CapsuleShadows:1]]
[2021.04.20-09.14.18:188][  0]LogConfig: Applying CVar settings from Section [PostProcessQuality@3] File [D:/DannesPC/Documents/GitHub/Heartwars/Heartwars/Saved/Config/Windows/Scalability.ini]
[2021.04.20-09.14.18:188][  0]LogConfig: Setting CVar [[r.MotionBlurQuality:4]]
[2021.04.20-09.14.18:188][  0]LogConfig: Setting CVar [[r.AmbientOcclusionMipLevelFactor:0.4]]
[2021.04.20-09.14.18:188][  0]LogConfig: Setting CVar [[r.AmbientOcclusionMaxQuality:100]]
[2021.04.20-09.14.18:188][  0]LogConfig: Setting CVar [[r.AmbientOcclusionLevels:-1]]
[2021.04.20-09.14.18:188][  0]LogConfig: Setting CVar [[r.AmbientOcclusionRadiusScale:1.0]]
[2021.04.20-09.14.18:188][  0]LogConfig: Setting CVar [[r.DepthOfFieldQuality:2]]
[2021.04.20-09.14.18:188][  0]LogConfig: Setting CVar [[r.RenderTargetPoolMin:400]]
[2021.04.20-09.14.18:188][  0]LogConfig: Setting CVar [[r.LensFlareQuality:2]]
[2021.04.20-09.14.18:189][  0]LogConfig: Setting CVar [[r.SceneColorFringeQuality:1]]
[2021.04.20-09.14.18:189][  0]LogConfig: Setting CVar [[r.EyeAdaptationQuality:2]]
[2021.04.20-09.14.18:189][  0]LogConfig: Setting CVar [[r.BloomQuality:5]]
[2021.04.20-09.14.18:189][  0]LogConfig: Setting CVar [[r.FastBlurThreshold:100]]
[2021.04.20-09.14.18:189][  0]LogConfig: Setting CVar [[r.Upscale.Quality:3]]
[2021.04.20-09.14.18:189][  0]LogConfig: Setting CVar [[r.Tonemapper.GrainQuantization:1]]
[2021.04.20-09.14.18:189][  0]LogConfig: Setting CVar [[r.LightShaftQuality:1]]
[2021.04.20-09.14.18:189][  0]LogConfig: Setting CVar [[r.Filter.SizeScale:1]]
[2021.04.20-09.14.18:189][  0]LogConfig: Setting CVar [[r.Tonemapper.Quality:5]]
[2021.04.20-09.14.18:189][  0]LogConfig: Setting CVar [[r.DOF.Gather.AccumulatorQuality:1        ; higher gathering accumulator quality]]
[2021.04.20-09.14.18:189][  0]LogConfig: Setting CVar [[r.DOF.Gather.PostfilterMethod:1          ; Median3x3 postfilering method]]
[2021.04.20-09.14.18:189][  0]LogConfig: Setting CVar [[r.DOF.Gather.EnableBokehSettings:0       ; no bokeh simulation when gathering]]
[2021.04.20-09.14.18:189][  0]LogConfig: Setting CVar [[r.DOF.Gather.RingCount:4                 ; medium number of samples when gathering]]
[2021.04.20-09.14.18:189][  0]LogConfig: Setting CVar [[r.DOF.Scatter.ForegroundCompositing:1    ; additive foreground scattering]]
[2021.04.20-09.14.18:189][  0]LogConfig: Setting CVar [[r.DOF.Scatter.BackgroundCompositing:2    ; additive background scattering]]
[2021.04.20-09.14.18:189][  0]LogConfig: Setting CVar [[r.DOF.Scatter.EnableBokehSettings:1      ; bokeh simulation when scattering]]
[2021.04.20-09.14.18:189][  0]LogConfig: Setting CVar [[r.DOF.Scatter.MaxSpriteRatio:0.1         ; only a maximum of 10% of scattered bokeh]]
[2021.04.20-09.14.18:189][  0]LogConfig: Setting CVar [[r.DOF.Recombine.Quality:1                ; cheap slight out of focus]]
[2021.04.20-09.14.18:189][  0]LogConfig: Setting CVar [[r.DOF.Recombine.EnableBokehSettings:0    ; no bokeh simulation on slight out of focus]]
[2021.04.20-09.14.18:189][  0]LogConfig: Setting CVar [[r.DOF.TemporalAAQuality:1                ; more stable temporal accumulation]]
[2021.04.20-09.14.18:189][  0]LogConfig: Setting CVar [[r.DOF.Kernel.MaxForegroundRadius:0.025]]
[2021.04.20-09.14.18:189][  0]LogConfig: Setting CVar [[r.DOF.Kernel.MaxBackgroundRadius:0.025]]
[2021.04.20-09.14.18:189][  0]LogConfig: Applying CVar settings from Section [TextureQuality@3] File [D:/DannesPC/Documents/GitHub/Heartwars/Heartwars/Saved/Config/Windows/Scalability.ini]
[2021.04.20-09.14.18:189][  0]LogConfig: Setting CVar [[r.Streaming.MipBias:0]]
[2021.04.20-09.14.18:189][  0]LogConfig: Setting CVar [[r.Streaming.AmortizeCPUToGPUCopy:0]]
[2021.04.20-09.14.18:189][  0]LogConfig: Setting CVar [[r.Streaming.MaxNumTexturesToStreamPerFrame:0]]
[2021.04.20-09.14.18:190][  0]LogConfig: Setting CVar [[r.Streaming.Boost:1]]
[2021.04.20-09.14.18:190][  0]LogConfig: Setting CVar [[r.MaxAnisotropy:8]]
[2021.04.20-09.14.18:190][  0]LogConfig: Setting CVar [[r.Streaming.LimitPoolSizeToVRAM:0]]
[2021.04.20-09.14.18:190][  0]LogConfig: Setting CVar [[r.Streaming.PoolSize:1000]]
[2021.04.20-09.14.18:190][  0]LogConfig: Setting CVar [[r.Streaming.MaxEffectiveScreenSize:0]]
[2021.04.20-09.14.18:190][  0]LogConfig: Applying CVar settings from Section [EffectsQuality@3] File [D:/DannesPC/Documents/GitHub/Heartwars/Heartwars/Saved/Config/Windows/Scalability.ini]
[2021.04.20-09.14.18:190][  0]LogConfig: Setting CVar [[r.TranslucencyLightingVolumeDim:64]]
[2021.04.20-09.14.18:190][  0]LogConfig: Setting CVar [[r.RefractionQuality:2]]
[2021.04.20-09.14.18:190][  0]LogConfig: Setting CVar [[r.SSR.Quality:3]]
[2021.04.20-09.14.18:190][  0]LogConfig: Setting CVar [[r.SceneColorFormat:4]]
[2021.04.20-09.14.18:190][  0]LogConfig: Setting CVar [[r.DetailMode:2]]
[2021.04.20-09.14.18:190][  0]LogConfig: Setting CVar [[r.TranslucencyVolumeBlur:1]]
[2021.04.20-09.14.18:190][  0]LogConfig: Setting CVar [[r.MaterialQualityLevel:1 ; High quality]]
[2021.04.20-09.14.18:190][  0]LogConfig: Setting CVar [[r.SSS.Scale:1]]
[2021.04.20-09.14.18:190][  0]LogConfig: Setting CVar [[r.SSS.SampleSet:2]]
[2021.04.20-09.14.18:190][  0]LogConfig: Setting CVar [[r.SSS.Quality:1]]
[2021.04.20-09.14.18:190][  0]LogConfig: Setting CVar [[r.SSS.HalfRes:1]]
[2021.04.20-09.14.18:190][  0]LogConfig: Setting CVar [[r.EmitterSpawnRateScale:1.0]]
[2021.04.20-09.14.18:190][  0]LogConfig: Setting CVar [[r.ParticleLightQuality:2]]
[2021.04.20-09.14.18:190][  0]LogConfig: Applying CVar settings from Section [FoliageQuality@3] File [D:/DannesPC/Documents/GitHub/Heartwars/Heartwars/Saved/Config/Windows/Scalability.ini]
[2021.04.20-09.14.18:190][  0]LogConfig: Setting CVar [[foliage.DensityScale:1.0]]
[2021.04.20-09.14.18:190][  0]LogConfig: Setting CVar [[grass.DensityScale:1.0]]
[2021.04.20-09.14.18:190][  0]LogInit: Selected Device Profile: [Windows]
[2021.04.20-09.14.18:190][  0]LogInit: Applying CVar settings loaded from the selected device profile: [Windows]
[2021.04.20-09.14.18:194][  0]LogHAL: Display: Platform has ~ 16 GB [17119637504 / 17179869184 / 16], which maps to Larger [LargestMinGB=32, LargerMinGB=12, DefaultMinGB=8, SmallerMinGB=6, SmallestMinGB=0)
[2021.04.20-09.14.18:194][  0]LogInit: Going up to parent DeviceProfile []
[2021.04.20-09.14.18:194][  0]LogConfig: Applying CVar settings from Section [ViewDistanceQuality@3] File [D:/DannesPC/Documents/GitHub/Heartwars/Heartwars/Saved/Config/Windows/Scalability.ini]
[2021.04.20-09.14.18:195][  0]LogConfig: Setting CVar [[r.SkeletalMeshLODBias:0]]
[2021.04.20-09.14.18:195][  0]LogConfig: Setting CVar [[r.ViewDistanceScale:1.0]]
[2021.04.20-09.14.18:195][  0]LogConfig: Applying CVar settings from Section [AntiAliasingQuality@3] File [D:/DannesPC/Documents/GitHub/Heartwars/Heartwars/Saved/Config/Windows/Scalability.ini]
[2021.04.20-09.14.18:195][  0]LogConfig: Setting CVar [[r.PostProcessAAQuality:4]]
[2021.04.20-09.14.18:195][  0]LogConfig: Applying CVar settings from Section [ShadowQuality@3] File [D:/DannesPC/Documents/GitHub/Heartwars/Heartwars/Saved/Config/Windows/Scalability.ini]
[2021.04.20-09.14.18:195][  0]LogConfig: Setting CVar [[r.LightFunctionQuality:1]]
[2021.04.20-09.14.18:195][  0]LogConfig: Setting CVar [[r.ShadowQuality:5]]
[2021.04.20-09.14.18:195][  0]LogConfig: Setting CVar [[r.Shadow.CSM.MaxCascades:10]]
[2021.04.20-09.14.18:195][  0]LogConfig: Setting CVar [[r.Shadow.MaxResolution:2048]]
[2021.04.20-09.14.18:195][  0]LogConfig: Setting CVar [[r.Shadow.MaxCSMResolution:2048]]
[2021.04.20-09.14.18:195][  0]LogConfig: Setting CVar [[r.Shadow.RadiusThreshold:0.01]]
[2021.04.20-09.14.18:195][  0]LogConfig: Setting CVar [[r.Shadow.DistanceScale:1.0]]
[2021.04.20-09.14.18:195][  0]LogConfig: Setting CVar [[r.Shadow.CSM.TransitionScale:1.0]]
[2021.04.20-09.14.18:195][  0]LogConfig: Setting CVar [[r.Shadow.PreShadowResolutionFactor:1.0]]
[2021.04.20-09.14.18:195][  0]LogConfig: Setting CVar [[r.DistanceFieldShadowing:1]]
[2021.04.20-09.14.18:195][  0]LogConfig: Setting CVar [[r.DistanceFieldAO:1]]
[2021.04.20-09.14.18:195][  0]LogConfig: Setting CVar [[r.AOQuality:2]]
[2021.04.20-09.14.18:195][  0]LogConfig: Setting CVar [[r.VolumetricFog:1]]
[2021.04.20-09.14.18:195][  0]LogConfig: Setting CVar [[r.VolumetricFog.GridPixelSize:8]]
[2021.04.20-09.14.18:195][  0]LogConfig: Setting CVar [[r.VolumetricFog.GridSizeZ:128]]
[2021.04.20-09.14.18:195][  0]LogConfig: Setting CVar [[r.VolumetricFog.HistoryMissSupersampleCount:4]]
[2021.04.20-09.14.18:195][  0]LogConfig: Setting CVar [[r.LightMaxDrawDistanceScale:1]]
[2021.04.20-09.14.18:195][  0]LogConfig: Setting CVar [[r.CapsuleShadows:1]]
[2021.04.20-09.14.18:195][  0]LogConfig: Applying CVar settings from Section [PostProcessQuality@3] File [D:/DannesPC/Documents/GitHub/Heartwars/Heartwars/Saved/Config/Windows/Scalability.ini]
[2021.04.20-09.14.18:195][  0]LogConfig: Setting CVar [[r.MotionBlurQuality:4]]
[2021.04.20-09.14.18:195][  0]LogConfig: Setting CVar [[r.AmbientOcclusionMipLevelFactor:0.4]]
[2021.04.20-09.14.18:195][  0]LogConfig: Setting CVar [[r.AmbientOcclusionMaxQuality:100]]
[2021.04.20-09.14.18:195][  0]LogConfig: Setting CVar [[r.AmbientOcclusionLevels:-1]]
[2021.04.20-09.14.18:195][  0]LogConfig: Setting CVar [[r.AmbientOcclusionRadiusScale:1.0]]
[2021.04.20-09.14.18:195][  0]LogConfig: Setting CVar [[r.DepthOfFieldQuality:2]]
[2021.04.20-09.14.18:195][  0]LogConfig: Setting CVar [[r.RenderTargetPoolMin:400]]
[2021.04.20-09.14.18:195][  0]LogConfig: Setting CVar [[r.LensFlareQuality:2]]
[2021.04.20-09.14.18:195][  0]LogConfig: Setting CVar [[r.SceneColorFringeQuality:1]]
[2021.04.20-09.14.18:195][  0]LogConfig: Setting CVar [[r.EyeAdaptationQuality:2]]
[2021.04.20-09.14.18:195][  0]LogConfig: Setting CVar [[r.BloomQuality:5]]
[2021.04.20-09.14.18:195][  0]LogConfig: Setting CVar [[r.FastBlurThreshold:100]]
[2021.04.20-09.14.18:195][  0]LogConfig: Setting CVar [[r.Upscale.Quality:3]]
[2021.04.20-09.14.18:195][  0]LogConfig: Setting CVar [[r.Tonemapper.GrainQuantization:1]]
[2021.04.20-09.14.18:195][  0]LogConfig: Setting CVar [[r.LightShaftQuality:1]]
[2021.04.20-09.14.18:195][  0]LogConfig: Setting CVar [[r.Filter.SizeScale:1]]
[2021.04.20-09.14.18:195][  0]LogConfig: Setting CVar [[r.Tonemapper.Quality:5]]
[2021.04.20-09.14.18:195][  0]LogConfig: Setting CVar [[r.DOF.Gather.AccumulatorQuality:1        ; higher gathering accumulator quality]]
[2021.04.20-09.14.18:195][  0]LogConfig: Setting CVar [[r.DOF.Gather.PostfilterMethod:1          ; Median3x3 postfilering method]]
[2021.04.20-09.14.18:195][  0]LogConfig: Setting CVar [[r.DOF.Gather.EnableBokehSettings:0       ; no bokeh simulation when gathering]]
[2021.04.20-09.14.18:195][  0]LogConfig: Setting CVar [[r.DOF.Gather.RingCount:4                 ; medium number of samples when gathering]]
[2021.04.20-09.14.18:195][  0]LogConfig: Setting CVar [[r.DOF.Scatter.ForegroundCompositing:1    ; additive foreground scattering]]
[2021.04.20-09.14.18:195][  0]LogConfig: Setting CVar [[r.DOF.Scatter.BackgroundCompositing:2    ; additive background scattering]]
[2021.04.20-09.14.18:195][  0]LogConfig: Setting CVar [[r.DOF.Scatter.EnableBokehSettings:1      ; bokeh simulation when scattering]]
[2021.04.20-09.14.18:195][  0]LogConfig: Setting CVar [[r.DOF.Scatter.MaxSpriteRatio:0.1         ; only a maximum of 10% of scattered bokeh]]
[2021.04.20-09.14.18:195][  0]LogConfig: Setting CVar [[r.DOF.Recombine.Quality:1                ; cheap slight out of focus]]
[2021.04.20-09.14.18:195][  0]LogConfig: Setting CVar [[r.DOF.Recombine.EnableBokehSettings:0    ; no bokeh simulation on slight out of focus]]
[2021.04.20-09.14.18:195][  0]LogConfig: Setting CVar [[r.DOF.TemporalAAQuality:1                ; more stable temporal accumulation]]
[2021.04.20-09.14.18:196][  0]LogConfig: Setting CVar [[r.DOF.Kernel.MaxForegroundRadius:0.025]]
[2021.04.20-09.14.18:196][  0]LogConfig: Setting CVar [[r.DOF.Kernel.MaxBackgroundRadius:0.025]]
[2021.04.20-09.14.18:196][  0]LogConfig: Applying CVar settings from Section [TextureQuality@3] File [D:/DannesPC/Documents/GitHub/Heartwars/Heartwars/Saved/Config/Windows/Scalability.ini]
[2021.04.20-09.14.18:196][  0]LogConfig: Setting CVar [[r.Streaming.MipBias:0]]
[2021.04.20-09.14.18:196][  0]LogConfig: Setting CVar [[r.Streaming.AmortizeCPUToGPUCopy:0]]
[2021.04.20-09.14.18:196][  0]LogConfig: Setting CVar [[r.Streaming.MaxNumTexturesToStreamPerFrame:0]]
[2021.04.20-09.14.18:196][  0]LogConfig: Setting CVar [[r.Streaming.Boost:1]]
[2021.04.20-09.14.18:196][  0]LogConfig: Setting CVar [[r.MaxAnisotropy:8]]
[2021.04.20-09.14.18:196][  0]LogConfig: Setting CVar [[r.Streaming.LimitPoolSizeToVRAM:0]]
[2021.04.20-09.14.18:196][  0]LogConfig: Setting CVar [[r.Streaming.PoolSize:1000]]
[2021.04.20-09.14.18:196][  0]LogConfig: Setting CVar [[r.Streaming.MaxEffectiveScreenSize:0]]
[2021.04.20-09.14.18:196][  0]LogConfig: Applying CVar settings from Section [EffectsQuality@3] File [D:/DannesPC/Documents/GitHub/Heartwars/Heartwars/Saved/Config/Windows/Scalability.ini]
[2021.04.20-09.14.18:196][  0]LogConfig: Setting CVar [[r.TranslucencyLightingVolumeDim:64]]
[2021.04.20-09.14.18:196][  0]LogConfig: Setting CVar [[r.RefractionQuality:2]]
[2021.04.20-09.14.18:196][  0]LogConfig: Setting CVar [[r.SSR.Quality:3]]
[2021.04.20-09.14.18:196][  0]LogConfig: Setting CVar [[r.SceneColorFormat:4]]
[2021.04.20-09.14.18:196][  0]LogConfig: Setting CVar [[r.DetailMode:2]]
[2021.04.20-09.14.18:196][  0]LogConfig: Setting CVar [[r.TranslucencyVolumeBlur:1]]
[2021.04.20-09.14.18:196][  0]LogConfig: Setting CVar [[r.MaterialQualityLevel:1 ; High quality]]
[2021.04.20-09.14.18:196][  0]LogConfig: Setting CVar [[r.SSS.Scale:1]]
[2021.04.20-09.14.18:196][  0]LogConfig: Setting CVar [[r.SSS.SampleSet:2]]
[2021.04.20-09.14.18:196][  0]LogConfig: Setting CVar [[r.SSS.Quality:1]]
[2021.04.20-09.14.18:196][  0]LogConfig: Setting CVar [[r.SSS.HalfRes:1]]
[2021.04.20-09.14.18:196][  0]LogConfig: Setting CVar [[r.EmitterSpawnRateScale:1.0]]
[2021.04.20-09.14.18:196][  0]LogConfig: Setting CVar [[r.ParticleLightQuality:2]]
[2021.04.20-09.14.18:196][  0]LogConfig: Applying CVar settings from Section [FoliageQuality@3] File [D:/DannesPC/Documents/GitHub/Heartwars/Heartwars/Saved/Config/Windows/Scalability.ini]
[2021.04.20-09.14.18:196][  0]LogConfig: Setting CVar [[foliage.DensityScale:1.0]]
[2021.04.20-09.14.18:196][  0]LogConfig: Setting CVar [[grass.DensityScale:1.0]]
[2021.04.20-09.14.18:196][  0]LogConfig: Applying CVar settings from Section [Startup] File [../../../Engine/Config/ConsoleVariables.ini]
[2021.04.20-09.14.18:196][  0]LogConfig: Setting CVar [[net.UseAdaptiveNetUpdateFrequency:0]]
[2021.04.20-09.14.18:196][  0]LogConfig: Setting CVar [[p.chaos.AllowCreatePhysxBodies:1]]
[2021.04.20-09.14.18:196][  0]LogConfig: Applying CVar settings from Section [ConsoleVariables] File [D:/DannesPC/Documents/GitHub/Heartwars/Heartwars/Saved/Config/Windows/Engine.ini]
[2021.04.20-09.14.18:197][  0]LogInit: Computer: DESKTOP-39I9J7L
[2021.04.20-09.14.18:197][  0]LogInit: User: DannesPC
[2021.04.20-09.14.18:197][  0]LogInit: CPU Page size=4096, Cores=4
[2021.04.20-09.14.18:197][  0]LogInit: High frequency timer resolution =10.000000 MHz
[2021.04.20-09.14.18:197][  0]LogMemory: Memory total: Physical=15.9GB (16GB approx)
[2021.04.20-09.14.18:197][  0]LogMemory: Platform Memory Stats for Windows
[2021.04.20-09.14.18:197][  0]LogMemory: Process Physical Memory: 101.71 MB used, 101.72 MB peak
[2021.04.20-09.14.18:197][  0]LogMemory: Process Virtual Memory: 88.92 MB used, 88.92 MB peak
[2021.04.20-09.14.18:197][  0]LogMemory: Physical Memory: 6835.37 MB used,  9491.19 MB free, 16326.56 MB total
[2021.04.20-09.14.18:197][  0]LogMemory: Virtual Memory: 4659.43 MB used,  134213072.00 MB free, 134217728.00 MB total
[2021.04.20-09.14.18:205][  0]LogWindows: WindowsPlatformFeatures enabled
[2021.04.20-09.14.18:299][  0]LogInit: Using OS detected language (en-US).
[2021.04.20-09.14.18:299][  0]LogInit: Using OS detected locale (en-SE).
[2021.04.20-09.14.18:301][  0]LogTextLocalizationManager: No specific localization for 'en-US' exists, so the 'en' localization will be used.
[2021.04.20-09.14.18:488][  0]LogInit: Setting process to per monitor DPI aware
[2021.04.20-09.14.18:530][  0]LogSlate: New Slate User Created.  User Index 0, Is Virtual User: 0
[2021.04.20-09.14.18:530][  0]LogSlate: Slate User Registered.  User Index 0, Is Virtual User: 0
[2021.04.20-09.14.18:925][  0]LogHMD: Failed to initialize OpenVR with code 110
[2021.04.20-09.14.18:925][  0]LogD3D11RHI: D3D11 adapters:
[2021.04.20-09.14.19:037][  0]LogD3D11RHI:    0. 'NVIDIA GeForce GTX 1070' (Feature Level 11_0)
[2021.04.20-09.14.19:037][  0]LogD3D11RHI:       8088/0/8163 MB DedicatedVideo/DedicatedSystem/SharedSystem, Outputs:1, VendorId:0x10de
[2021.04.20-09.14.19:040][  0]LogD3D11RHI:    1. 'Microsoft Basic Render Driver' (Feature Level 11_0)
[2021.04.20-09.14.19:040][  0]LogD3D11RHI:       0/0/8163 MB DedicatedVideo/DedicatedSystem/SharedSystem, Outputs:0, VendorId:0x1414
[2021.04.20-09.14.19:040][  0]LogD3D11RHI: Chosen D3D11 Adapter: 0
[2021.04.20-09.14.19:046][  0]LogD3D11RHI: Creating new Direct3DDevice
[2021.04.20-09.14.19:046][  0]LogD3D11RHI:     GPU DeviceId: 0x1b81 (for the marketing name, search the web for "GPU Device Id")
[2021.04.20-09.14.19:046][  0]LogWindows: EnumDisplayDevices:
[2021.04.20-09.14.19:047][  0]LogWindows:    0. 'NVIDIA GeForce GTX 1070' (P:1 D:1)
[2021.04.20-09.14.19:047][  0]LogWindows:    1. 'NVIDIA GeForce GTX 1070' (P:0 D:0)
[2021.04.20-09.14.19:048][  0]LogWindows:    2. 'NVIDIA GeForce GTX 1070' (P:0 D:0)
[2021.04.20-09.14.19:048][  0]LogWindows:    3. 'NVIDIA GeForce GTX 1070' (P:0 D:0)
[2021.04.20-09.14.19:049][  0]LogWindows: DebugString: FoundDriverCount:4 
[2021.04.20-09.14.19:049][  0]LogD3D11RHI:     Adapter Name: NVIDIA GeForce GTX 1070
[2021.04.20-09.14.19:049][  0]LogD3D11RHI:   Driver Version: 466.11 (internal:27.21.14.6611, unified:466.11)
[2021.04.20-09.14.19:049][  0]LogD3D11RHI:      Driver Date: 4-12-2021
[2021.04.20-09.14.19:049][  0]LogRHI: Texture pool is 5661 MB (70% of 8088 MB)
[2021.04.20-09.14.19:124][  0]LogD3D11RHI: Async texture creation enabled
[2021.04.20-09.14.19:138][  0]LogD3D11RHI: GPU Timing Frequency: 1000.000000 (Debug: 2 1)
[2021.04.20-09.14.19:503][  0]LogTemp: Display: Module 'AllDesktopTargetPlatform' loaded TargetPlatform 'AllDesktop'
[2021.04.20-09.14.19:512][  0]LogTemp: Display: Module 'MacClientTargetPlatform' loaded TargetPlatform 'MacClient'
[2021.04.20-09.14.19:521][  0]LogTemp: Display: Module 'MacNoEditorTargetPlatform' loaded TargetPlatform 'MacNoEditor'
[2021.04.20-09.14.19:530][  0]LogTemp: Display: Module 'MacServerTargetPlatform' loaded TargetPlatform 'MacServer'
[2021.04.20-09.14.19:540][  0]LogTemp: Display: Module 'MacTargetPlatform' loaded TargetPlatform 'Mac'
[2021.04.20-09.14.19:549][  0]LogTemp: Display: Module 'WindowsClientTargetPlatform' loaded TargetPlatform 'WindowsClient'
[2021.04.20-09.14.19:557][  0]LogTemp: Display: Module 'WindowsNoEditorTargetPlatform' loaded TargetPlatform 'WindowsNoEditor'
[2021.04.20-09.14.19:565][  0]LogTemp: Display: Module 'WindowsServerTargetPlatform' loaded TargetPlatform 'WindowsServer'
[2021.04.20-09.14.19:570][  0]LogTemp: Display: Module 'WindowsTargetPlatform' loaded TargetPlatform 'Windows'
[2021.04.20-09.14.19:601][  0]LogTemp: Display: Module 'AndroidTargetPlatform' loaded TargetPlatform 'Android'
[2021.04.20-09.14.19:602][  0]LogTemp: Display: Module 'AndroidTargetPlatform' loaded TargetPlatform 'Android_ASTC'
[2021.04.20-09.14.19:602][  0]LogTemp: Display: Module 'AndroidTargetPlatform' loaded TargetPlatform 'Android_ATC'
[2021.04.20-09.14.19:602][  0]LogTemp: Display: Module 'AndroidTargetPlatform' loaded TargetPlatform 'Android_DXT'
[2021.04.20-09.14.19:602][  0]LogTemp: Display: Module 'AndroidTargetPlatform' loaded TargetPlatform 'Android_ETC1'
[2021.04.20-09.14.19:602][  0]LogTemp: Display: Module 'AndroidTargetPlatform' loaded TargetPlatform 'Android_ETC1a'
[2021.04.20-09.14.19:602][  0]LogTemp: Display: Module 'AndroidTargetPlatform' loaded TargetPlatform 'Android_ETC2'
[2021.04.20-09.14.19:602][  0]LogTemp: Display: Module 'AndroidTargetPlatform' loaded TargetPlatform 'Android_PVRTC'
[2021.04.20-09.14.19:602][  0]LogTemp: Display: Module 'AndroidTargetPlatform' loaded TargetPlatform 'AndroidClient'
[2021.04.20-09.14.19:602][  0]LogTemp: Display: Module 'AndroidTargetPlatform' loaded TargetPlatform 'Android_ASTCClient'
[2021.04.20-09.14.19:602][  0]LogTemp: Display: Module 'AndroidTargetPlatform' loaded TargetPlatform 'Android_ATCClient'
[2021.04.20-09.14.19:602][  0]LogTemp: Display: Module 'AndroidTargetPlatform' loaded TargetPlatform 'Android_DXTClient'
[2021.04.20-09.14.19:602][  0]LogTemp: Display: Module 'AndroidTargetPlatform' loaded TargetPlatform 'Android_ETC1Client'
[2021.04.20-09.14.19:602][  0]LogTemp: Display: Module 'AndroidTargetPlatform' loaded TargetPlatform 'Android_ETC1aClient'
[2021.04.20-09.14.19:602][  0]LogTemp: Display: Module 'AndroidTargetPlatform' loaded TargetPlatform 'Android_ETC2Client'
[2021.04.20-09.14.19:602][  0]LogTemp: Display: Module 'AndroidTargetPlatform' loaded TargetPlatform 'Android_PVRTCClient'
[2021.04.20-09.14.19:602][  0]LogTemp: Display: Module 'AndroidTargetPlatform' loaded TargetPlatform 'Android_Multi'
[2021.04.20-09.14.19:602][  0]LogTemp: Display: Module 'AndroidTargetPlatform' loaded TargetPlatform 'Android_MultiClient'
[2021.04.20-09.14.19:605][  0]LogTemp: Display: Module 'HTML5TargetPlatform' loaded TargetPlatform 'HTML5'
[2021.04.20-09.14.19:625][  0]LogTemp: Display: Module 'IOSTargetPlatform' loaded TargetPlatform 'IOSClient'
[2021.04.20-09.14.19:625][  0]LogTemp: Display: Module 'IOSTargetPlatform' loaded TargetPlatform 'IOS'
[2021.04.20-09.14.19:640][  0]LogTemp: Display: Module 'TVOSTargetPlatform' loaded TargetPlatform 'TVOSClient'
[2021.04.20-09.14.19:640][  0]LogTemp: Display: Module 'TVOSTargetPlatform' loaded TargetPlatform 'TVOS'
[2021.04.20-09.14.19:648][  0]LogTemp: Display: Module 'LinuxClientTargetPlatform' loaded TargetPlatform 'LinuxClient'
[2021.04.20-09.14.19:655][  0]LogTemp: Display: Module 'LinuxNoEditorTargetPlatform' loaded TargetPlatform 'LinuxNoEditor'
[2021.04.20-09.14.19:663][  0]LogTemp: Display: Module 'LinuxServerTargetPlatform' loaded TargetPlatform 'LinuxServer'
[2021.04.20-09.14.19:671][  0]LogTemp: Display: Module 'LinuxTargetPlatform' loaded TargetPlatform 'Linux'
[2021.04.20-09.14.19:703][  0]LogTemp: Display: Module 'LuminTargetPlatform' loaded TargetPlatform 'Lumin'
[2021.04.20-09.14.19:703][  0]LogTemp: Display: Module 'LuminTargetPlatform' loaded TargetPlatform 'LuminClient'
[2021.04.20-09.14.19:704][  0]LogTargetPlatformManager: Display: Building Assets For Windows
[2021.04.20-09.14.19:713][  0]LogAudioDebug: Display: Lib vorbis DLL was dynamically loaded.
[2021.04.20-09.14.19:764][  0]LogShaderCompilers: Guid format shader working directory is -14 characters bigger than the processId version (../../../../../../DannesPC/Documents/GitHub/Heartwars/Heartwars/Intermediate/Shaders/WorkingDirectory/6392/).
[2021.04.20-09.14.19:764][  0]LogShaderCompilers: Cleaned the shader compiler working directory 'C:/Users/DannesPC/AppData/Local/Temp/UnrealShaderWorkingDir/97F418A84C88069D437EDF82E9C601FF/'.
[2021.04.20-09.14.19:766][  0]LogXGEController: Cannot use XGE Controller as Incredibuild is not installed on this machine.
[2021.04.20-09.14.19:767][  0]LogShaderCompilers: Cannot use XGE Shader Compiler as Incredibuild is not installed on this machine.
[2021.04.20-09.14.19:767][  0]LogShaderCompilers: Display: Using Local Shader Compiler.
[2021.04.20-09.14.20:426][  0]LogDerivedDataCache: Display: Max Cache Size: 512 MB
[2021.04.20-09.14.20:492][  0]LogDerivedDataCache: Loaded boot cache 0.07s 73MB C:/Users/DannesPC/AppData/Local/UnrealEngine/4.23/DerivedDataCache/Boot.ddc.
[2021.04.20-09.14.20:492][  0]LogDerivedDataCache: Display: Loaded Boot cache: C:/Users/DannesPC/AppData/Local/UnrealEngine/4.23/DerivedDataCache/Boot.ddc
[2021.04.20-09.14.20:492][  0]LogDerivedDataCache: FDerivedDataBackendGraph:  Pak pak cache file ../../../../../../DannesPC/Documents/GitHub/Heartwars/Heartwars/DerivedDataCache/DDC.ddp not found, will not use a pak cache.
[2021.04.20-09.14.20:492][  0]LogDerivedDataCache: Unable to find inner node Pak for hierarchical cache Hierarchy.
[2021.04.20-09.14.20:492][  0]LogDerivedDataCache: FDerivedDataBackendGraph:  CompressedPak pak cache file ../../../../../../DannesPC/Documents/GitHub/Heartwars/Heartwars/DerivedDataCache/Compressed.ddp not found, will not use a pak cache.
[2021.04.20-09.14.20:492][  0]LogDerivedDataCache: Unable to find inner node CompressedPak for hierarchical cache Hierarchy.
[2021.04.20-09.14.20:502][  0]LogDerivedDataCache: Display: Pak cache opened for reading ../../../Engine/DerivedDataCache/Compressed.ddp.
[2021.04.20-09.14.20:502][  0]LogDerivedDataCache: FDerivedDataBackendGraph:  EnterprisePak pak cache file ../../../Enterprise/DerivedDataCache/Compressed.ddp not found, will not use a pak cache.
[2021.04.20-09.14.20:502][  0]LogDerivedDataCache: Unable to find inner node EnterprisePak for hierarchical cache Hierarchy.
[2021.04.20-09.14.20:504][  0]LogDerivedDataCache: Using Local data cache path C:/Users/DannesPC/AppData/Local/UnrealEngine/Common/DerivedDataCache: Writable
[2021.04.20-09.14.20:504][  0]LogDerivedDataCache: Shared data cache path not found in *engine.ini, will not use an Shared cache.
[2021.04.20-09.14.20:504][  0]LogDerivedDataCache: Unable to find inner node Shared for hierarchical cache Hierarchy.
[2021.04.20-09.14.20:524][  0]LogMaterial: Verifying Global Shaders for PCD3D_SM5
[2021.04.20-09.14.20:527][  0]LogSlate: Using FreeType 2.6.0
[2021.04.20-09.14.20:528][  0]LogSlate: SlateFontServices - WITH_FREETYPE: 1, WITH_HARFBUZZ: 1
[2021.04.20-09.14.20:620][  0]LogAssetRegistry: FAssetRegistry took 0.0026 seconds to start up
[2021.04.20-09.14.20:888][  0]LogInit: Selected Device Profile: [Windows]
[2021.04.20-09.14.21:046][  0]LogMeshReduction: Using QuadricMeshReduction for automatic static mesh reduction
[2021.04.20-09.14.21:046][  0]LogMeshReduction: Using SimplygonMeshReduction for automatic skeletal mesh reduction
[2021.04.20-09.14.21:046][  0]LogMeshReduction: Using ProxyLODMeshReduction for automatic mesh merging
[2021.04.20-09.14.21:046][  0]LogMeshReduction: No distributed automatic mesh merging module available
[2021.04.20-09.14.21:046][  0]LogMeshMerging: No distributed automatic mesh merging module available
[2021.04.20-09.14.21:056][  0]LogNetVersion: Heartwars 1.0.0, NetCL: 8386587, EngineNetVer: 11, GameNetVer: 0 (Checksum: 780475204)
[2021.04.20-09.14.21:476][  0]LogPackageLocalizationCache: Processed 12 localized package path(s) for 1 prioritized culture(s) in 0.043234 seconds
[2021.04.20-09.14.21:482][  0]LogUObjectArray: 43444 objects as part of root set at end of initial load.
[2021.04.20-09.14.21:482][  0]LogUObjectAllocator: 7548648 out of 0 bytes used by permanent object pool.
[2021.04.20-09.14.21:482][  0]LogUObjectArray: CloseDisregardForGC: 0/0 objects in disregard for GC pool
[2021.04.20-09.14.22:705][  0]LogTcpMessaging: Initializing TcpMessaging bridge
[2021.04.20-09.14.22:709][  0]LogUdpMessaging: Initializing bridge on interface 0.0.0.0:0 to multicast group 230.0.0.1:6666.
[2021.04.20-09.14.22:765][  0]SourceControl: Source control is disabled
[2021.04.20-09.14.22:765][  0]SourceControl: Source control is disabled
[2021.04.20-09.14.22:766][  0]SourceControl: Source control is disabled
[2021.04.20-09.14.22:767][  0]SourceControl: Source control is disabled
[2021.04.20-09.14.22:869][  0]LogAndroidPermission: UAndroidPermissionCallbackProxy::GetInstance
[2021.04.20-09.14.23:199][  0]LogOcInput: OculusInput pre-init called
[2021.04.20-09.14.23:208][  0]LogWindows: Failed to load 'OVRPlugin.dll' (GetLastError=126)
[2021.04.20-09.14.23:208][  0]LogWindows: File 'OVRPlugin.dll' does not exist
[2021.04.20-09.14.23:277][  0]LogEngine: Initializing Engine...
[2021.04.20-09.14.23:277][  0]LogHMD: Failed to initialize OpenVR with code 110
[2021.04.20-09.14.23:279][  0]LogStats: UGameplayTagsManager::InitializeManager -  0.000 s
[2021.04.20-09.14.23:491][  0]LogInit: Initializing FReadOnlyCVARCache
[2021.04.20-09.14.23:503][  0]LogAIModule: Creating AISystem for world Untitled
[2021.04.20-09.14.23:604][  0]LogInit: XAudio2 using 'Speakers (High Definition Audio Device)' : 2 channels at 48 kHz using 16 bits per sample (channel mask 0x3)
[2021.04.20-09.14.23:633][  0]LogInit: FAudioDevice initialized.
[2021.04.20-09.14.23:633][  0]LogNetVersion: Set ProjectVersion to 1.0.0.0. Version Checksum will be recalculated on next use.
[2021.04.20-09.14.23:751][  0]LogDerivedDataCache: Saved boot cache 0.12s 73MB C:/Users/DannesPC/AppData/Local/UnrealEngine/4.23/DerivedDataCache/Boot.ddc.
[2021.04.20-09.14.23:751][  0]LogInit: Texture streaming: Enabled
[2021.04.20-09.14.23:775][  0]LogEngineSessionManager: EngineSessionManager initialized
[2021.04.20-09.14.23:775][  0]LogEditorSessionSummary: Verbose: Initializing EditorSessionSummaryWriter for editor session tracking
[2021.04.20-09.14.23:783][  0]LogEditorSessionSummary: EditorSessionSummaryWriter initialized
[2021.04.20-09.14.23:895][  0]LogInit: Transaction tracking system initialized
[2021.04.20-09.14.23:921][  0]BlueprintLog: New page: Editor Load
[2021.04.20-09.14.23:994][  0]LocalizationService: Localization service is disabled
[2021.04.20-09.14.24:230][  0]LogFileCache: Scanning file cache for directory 'D:/DannesPC/Documents/GitHub/Heartwars/Heartwars/Content/' took 0.00s
[2021.04.20-09.14.24:230][  0]LogCook: Display: Max memory allowance for cook 16384mb min free memory 0mb
[2021.04.20-09.14.24:230][  0]LogCook: Display: Mobile HDR setting 1
[2021.04.20-09.14.24:423][  0]SourceControl: Source control is disabled
[2021.04.20-09.14.24:424][  0]Cmd: MAP LOAD FILE="../../../Engine/Content/Maps/Templates/Template_Default.umap" TEMPLATE=1 SHOWPROGRESS=1 FEATURELEVEL=3
[2021.04.20-09.14.24:424][  0]LightingResults: New page: Lighting Build
[2021.04.20-09.14.24:431][  0]LogWorld: UWorld::CleanupWorld for Untitled, bSessionEnded=true, bCleanupResources=true
[2021.04.20-09.14.24:431][  0]MapCheck: New page: Map Check
[2021.04.20-09.14.24:431][  0]LightingResults: New page: Lighting Build
[2021.04.20-09.14.24:452][  0]LogUObjectHash: Compacting FUObjectHashTables data took   1.60ms
[2021.04.20-09.14.24:534][  0]LogAIModule: Creating AISystem for world Untitled_1
[2021.04.20-09.14.24:539][  0]LogEditorServer: Finished looking for orphan Actors (0.000 secs)
[2021.04.20-09.14.24:564][  0]LogUObjectHash: Compacting FUObjectHashTables data took   1.94ms
[2021.04.20-09.14.24:564][  0]Cmd: MAP CHECKDEP NOCLEARLOG
[2021.04.20-09.14.24:564][  0]MapCheck: Map check complete: 0 Error(s), 0 Warning(s), took 0.133ms to complete.
[2021.04.20-09.14.24:564][  0]LogFileHelpers: Loading map 'Template_Default' took 0.141
[2021.04.20-09.14.24:675][  0]LogSlate: Updating window title bar state: overlay mode, drag disabled, window buttons hidden, title bar hidden
[2021.04.20-09.14.24:681][  0]LogSlate: Updating window title bar state: overlay mode, drag disabled, window buttons hidden, title bar hidden
[2021.04.20-09.14.24:687][  0]LogSlate: Updating window title bar state: overlay mode, drag disabled, window buttons hidden, title bar hidden
[2021.04.20-09.14.24:697][  0]LogSlate: Updating window title bar state: overlay mode, drag disabled, window buttons hidden, title bar hidden
[2021.04.20-09.14.24:712][  0]LogCollectionManager: Loaded 0 collections in 0.003822 seconds
[2021.04.20-09.14.24:718][  0]LogFileCache: Scanning file cache for directory 'D:/DannesPC/Documents/GitHub/Heartwars/Heartwars/Saved/Collections/' took 0.00s
[2021.04.20-09.14.24:718][  0]LogFileCache: Scanning file cache for directory 'D:/DannesPC/Documents/GitHub/Heartwars/Heartwars/Content/Developers/DannesPC/Collections/' took 0.00s
[2021.04.20-09.14.24:718][  0]LogFileCache: Scanning file cache for directory 'D:/DannesPC/Documents/GitHub/Heartwars/Heartwars/Content/Collections/' took 0.00s
[2021.04.20-09.14.24:719][  0]LogCollectionManager: Rebuilt the GUID cache for 0 collections in 0.000001 seconds
[2021.04.20-09.14.24:726][  0]LogContentBrowser: Native class hierarchy populated in 0.0073 seconds. Added 2863 classes and 680 folders.
[2021.04.20-09.14.24:731][  0]LogContentBrowser: Native class hierarchy updated for 'WidgetCarousel' in 0.0003 seconds. Added 0 classes and 0 folders.
[2021.04.20-09.14.24:841][  0]LogContentBrowser: Native class hierarchy updated for 'AddContentDialog' in 0.0003 seconds. Added 0 classes and 0 folders.
[2021.04.20-09.14.24:845][  0]LogContentBrowser: Native class hierarchy updated for 'SceneOutliner' in 0.0003 seconds. Added 1 classes and 2 folders.
[2021.04.20-09.14.24:867][  0]LogSlate: Took 0.000390 seconds to synchronously load lazily loaded font '../../../Engine/Content/Slate/Fonts/Roboto-Regular.ttf' (155K)
[2021.04.20-09.14.24:870][  0]LogSlate: Took 0.000403 seconds to synchronously load lazily loaded font '../../../Engine/Content/Slate/Fonts/Roboto-Bold.ttf' (160K)
[2021.04.20-09.14.24:875][  0]LogSlate: Took 0.000417 seconds to synchronously load lazily loaded font '../../../Engine/Content/Editor/Slate/Fonts/FontAwesome.ttf' (139K)
[2021.04.20-09.14.24:943][  0]LogRenderer: Reallocating scene render targets to support 1208x572 Format 10 NumSamples 1 (Frame:1).
[2021.04.20-09.14.25:038][  0]LogContentBrowser: Native class hierarchy updated for 'HierarchicalLODOutliner' in 0.0003 seconds. Added 0 classes and 0 folders.
[2021.04.20-09.14.25:038][  0]LogLoad: (Engine Initialization) Total time: 9.41 seconds
[2021.04.20-09.14.25:038][  0]LogLoad: (Engine Initialization) Total Blueprint compile time: 0.00 seconds
[2021.04.20-09.14.25:093][  0]LogAssetRegistry: Asset discovery search completed in 4.4735 seconds
[2021.04.20-09.14.25:098][  0]LogCollectionManager: Rebuilt the object cache for 0 collections in 0.000004 seconds (found 0 objects)
[2021.04.20-09.14.25:098][  0]LogCollectionManager: Fixed up redirectors for 0 collections in 0.000073 seconds (updated 0 objects)
[2021.04.20-09.14.25:099][  0]LogContentStreaming: Texture pool size now 1000 MB
[2021.04.20-09.14.25:129][  0]LogSlate: Took 0.000281 seconds to synchronously load lazily loaded font '../../../Engine/Content/Slate/Fonts/Roboto-Light.ttf' (167K)
[2021.04.20-09.14.26:060][108]LogSlate: Took 0.000389 seconds to synchronously load lazily loaded font '../../../Engine/Content/Slate/Fonts/Roboto-Light.ttf' (167K)
[2021.04.20-09.14.30:180][599]LogSlate: FSceneViewport::OnFocusLost() reason 0
[2021.04.20-09.14.30:286][612]LogTemp: Repeating last play command: Selected Viewport
[2021.04.20-09.14.30:293][612]LogBlueprintUserMessages: Early PlayInEditor Detection: Level '/Temp/Untitled_1.Untitled_1:PersistentLevel' has LevelScriptBlueprint '/Temp/Untitled_1.Untitled_1:PersistentLevel.Untitled' with GeneratedClass '/Temp/Untitled_1.Untitled_C' with ClassGeneratedBy '/Temp/Untitled_1.Untitled_1:PersistentLevel.Untitled'
[2021.04.20-09.14.30:293][612]LogPlayLevel: PlayLevel: No blueprints needed recompiling
[2021.04.20-09.14.30:293][612]PIE: New page: PIE session: Untitled_1 (Apr 20, 2021, 1:14:30 PM)
[2021.04.20-09.14.30:294][612]LogOnline: OSS: Creating online subsystem instance for: NULL
[2021.04.20-09.14.30:295][612]LogPlayLevel: Creating play world package: /Temp/UEDPIE_0_Untitled_1
[2021.04.20-09.14.30:297][612]LogPlayLevel: PIE: StaticDuplicateObject took: (0.002120s)
[2021.04.20-09.14.30:298][612]LogAIModule: Creating AISystem for world Untitled_1
[2021.04.20-09.14.30:298][612]LogPlayLevel: PIE: World Init took: (0.001010s)
[2021.04.20-09.14.30:298][612]LogPlayLevel: PIE: Created PIE world by copying editor world from /Temp/Untitled_1.Untitled_1 to /Temp/UEDPIE_0_Untitled_1.Untitled_1 (0.003393s)
[2021.04.20-09.14.30:319][612]LogUObjectHash: Compacting FUObjectHashTables data took   1.23ms
[2021.04.20-09.14.30:394][612]LogInit: XAudio2 using 'Speakers (High Definition Audio Device)' : 2 channels at 48 kHz using 16 bits per sample (channel mask 0x3)
[2021.04.20-09.14.30:411][612]LogInit: FAudioDevice initialized.
[2021.04.20-09.14.30:423][612]LogLoad: Game class is 'GameModeBase'
[2021.04.20-09.14.30:425][612]LogWorld: Bringing World /Temp/UEDPIE_0_Untitled_1.Untitled_1 up for play (max tick rate 0) at 2021.04.20-11.14.30
[2021.04.20-09.14.30:425][612]LogWorld: Bringing up level for play took: 0.000469
[2021.04.20-09.14.30:425][612]LogOnline: OSS: Creating online subsystem instance for: :Context_1
[2021.04.20-09.14.30:431][612]LogContentBrowser: Native class hierarchy updated for 'MovieSceneCapture' in 0.0004 seconds. Added 20 classes and 0 folders.
[2021.04.20-09.14.30:432][612]PIE: Play in editor start time for /Temp/UEDPIE_0_Untitled_1 -0.779
[2021.04.20-09.14.30:432][612]LogBlueprintUserMessages: Late PlayInEditor Detection: Level '/Temp/Untitled_1.Untitled_1:PersistentLevel' has LevelScriptBlueprint '/Temp/Untitled_1.Untitled_1:PersistentLevel.Untitled' with GeneratedClass '/Temp/Untitled_1.Untitled_C' with ClassGeneratedBy '/Temp/Untitled_1.Untitled_1:PersistentLevel.Untitled'
[2021.04.20-09.14.31:733][765]LogBlueprintUserMessages: Early EndPlayMap Detection: Level '/Temp/Untitled_1.Untitled_1:PersistentLevel' has LevelScriptBlueprint '/Temp/Untitled_1.Untitled_1:PersistentLevel.Untitled' with GeneratedClass '/Temp/Untitled_1.Untitled_C' with ClassGeneratedBy '/Temp/Untitled_1.Untitled_1:PersistentLevel.Untitled'
[2021.04.20-09.14.31:733][765]LogSlate: Updating window title bar state: overlay mode, drag disabled, window buttons hidden, title bar hidden
[2021.04.20-09.14.31:733][765]LogWorld: BeginTearingDown for /Temp/UEDPIE_0_Untitled_1
[2021.04.20-09.14.31:734][765]LogWorld: UWorld::CleanupWorld for Untitled_1, bSessionEnded=true, bCleanupResources=true
[2021.04.20-09.14.31:743][765]LogPlayLevel: Display: Shutting down PIE online subsystems
[2021.04.20-09.14.31:743][765]LogBlueprintUserMessages: Late EndPlayMap Detection: Level '/Temp/Untitled_1.Untitled_1:PersistentLevel' has LevelScriptBlueprint '/Temp/Untitled_1.Untitled_1:PersistentLevel.Untitled' with GeneratedClass '/Temp/Untitled_1.Untitled_C' with ClassGeneratedBy '/Temp/Untitled_1.Untitled_1:PersistentLevel.Untitled'
[2021.04.20-09.14.31:766][765]LogSlate: Updating window title bar state: overlay mode, drag disabled, window buttons hidden, title bar hidden
[2021.04.20-09.14.31:768][765]LogUObjectHash: Compacting FUObjectHashTables data took   1.40ms
[2021.04.20-09.14.31:840][773]LogPlayLevel: Display: Destroying online subsystem :Context_1
[2021.04.20-09.14.34:581][ 99]LogAssetEditorManager: Opening Asset editor for SoundCue /Game/Audio/AudioManagerPrototype.AudioManagerPrototype
[2021.04.20-09.14.34:643][ 99]LogSlate: Took 0.000483 seconds to synchronously load lazily loaded font '../../../Engine/Content/Slate/Fonts/Roboto-BoldCondensed.ttf' (158K)
[2021.04.20-09.14.37:570][439]LogSlate: FSceneViewport::OnFocusLost() reason 0
[2021.04.20-09.14.37:636][447]LogTemp: Repeating last play command: Selected Viewport
[2021.04.20-09.14.37:642][447]LogBlueprintUserMessages: Early PlayInEditor Detection: Level '/Temp/Untitled_1.Untitled_1:PersistentLevel' has LevelScriptBlueprint '/Temp/Untitled_1.Untitled_1:PersistentLevel.Untitled' with GeneratedClass '/Temp/Untitled_1.Untitled_C' with ClassGeneratedBy '/Temp/Untitled_1.Untitled_1:PersistentLevel.Untitled'
[2021.04.20-09.14.37:642][447]LogPlayLevel: PlayLevel: No blueprints needed recompiling
[2021.04.20-09.14.37:642][447]PIE: New page: PIE session: Untitled_1 (Apr 20, 2021, 1:14:37 PM)
[2021.04.20-09.14.37:642][447]LogPlayLevel: Creating play world package: /Temp/UEDPIE_0_Untitled_1
[2021.04.20-09.14.37:644][447]LogPlayLevel: PIE: StaticDuplicateObject took: (0.002054s)
[2021.04.20-09.14.37:645][447]LogAIModule: Creating AISystem for world Untitled_1
[2021.04.20-09.14.37:646][447]LogPlayLevel: PIE: World Init took: (0.001104s)
[2021.04.20-09.14.37:646][447]LogPlayLevel: PIE: Created PIE world by copying editor world from /Temp/Untitled_1.Untitled_1 to /Temp/UEDPIE_0_Untitled_1.Untitled_1 (0.003296s)
[2021.04.20-09.14.37:667][447]LogUObjectHash: Compacting FUObjectHashTables data took   1.26ms
[2021.04.20-09.14.37:745][447]LogInit: XAudio2 using 'Speakers (High Definition Audio Device)' : 2 channels at 48 kHz using 16 bits per sample (channel mask 0x3)
[2021.04.20-09.14.37:765][447]LogInit: FAudioDevice initialized.
[2021.04.20-09.14.37:771][447]LogLoad: Game class is 'GameModeBase'
[2021.04.20-09.14.37:772][447]LogWorld: Bringing World /Temp/UEDPIE_0_Untitled_1.Untitled_1 up for play (max tick rate 0) at 2021.04.20-11.14.37
[2021.04.20-09.14.37:773][447]LogWorld: Bringing up level for play took: 0.000483
[2021.04.20-09.14.37:773][447]LogOnline: OSS: Creating online subsystem instance for: :Context_2
[2021.04.20-09.14.37:775][447]PIE: Play in editor start time for /Temp/UEDPIE_0_Untitled_1 0.564
[2021.04.20-09.14.37:775][447]LogBlueprintUserMessages: Late PlayInEditor Detection: Level '/Temp/Untitled_1.Untitled_1:PersistentLevel' has LevelScriptBlueprint '/Temp/Untitled_1.Untitled_1:PersistentLevel.Untitled' with GeneratedClass '/Temp/Untitled_1.Untitled_C' with ClassGeneratedBy '/Temp/Untitled_1.Untitled_1:PersistentLevel.Untitled'
[2021.04.20-09.14.38:741][559]LogBlueprintUserMessages: Early EndPlayMap Detection: Level '/Temp/Untitled_1.Untitled_1:PersistentLevel' has LevelScriptBlueprint '/Temp/Untitled_1.Untitled_1:PersistentLevel.Untitled' with GeneratedClass '/Temp/Untitled_1.Untitled_C' with ClassGeneratedBy '/Temp/Untitled_1.Untitled_1:PersistentLevel.Untitled'
[2021.04.20-09.14.38:741][559]LogSlate: Updating window title bar state: overlay mode, drag disabled, window buttons hidden, title bar hidden
[2021.04.20-09.14.38:741][559]LogWorld: BeginTearingDown for /Temp/UEDPIE_0_Untitled_1
[2021.04.20-09.14.38:741][559]LogWorld: UWorld::CleanupWorld for Untitled_1, bSessionEnded=true, bCleanupResources=true
[2021.04.20-09.14.38:750][559]LogPlayLevel: Display: Shutting down PIE online subsystems
[2021.04.20-09.14.38:751][559]LogBlueprintUserMessages: Late EndPlayMap Detection: Level '/Temp/Untitled_1.Untitled_1:PersistentLevel' has LevelScriptBlueprint '/Temp/Untitled_1.Untitled_1:PersistentLevel.Untitled' with GeneratedClass '/Temp/Untitled_1.Untitled_C' with ClassGeneratedBy '/Temp/Untitled_1.Untitled_1:PersistentLevel.Untitled'
[2021.04.20-09.14.38:775][559]LogSlate: Updating window title bar state: overlay mode, drag disabled, window buttons hidden, title bar hidden
[2021.04.20-09.14.38:777][559]LogUObjectHash: Compacting FUObjectHashTables data took   1.31ms
[2021.04.20-09.14.38:844][566]LogPlayLevel: Display: Destroying online subsystem :Context_2
[2021.04.20-09.14.41:694][902]LogSlate: Window 'AudioManagerPrototype' being destroyed
[2021.04.20-09.15.00:663][229]LogSlate: FSceneViewport::OnFocusLost() reason 5
[2021.04.20-09.15.14:457][879]LogSlate: FSceneViewport::OnFocusLost() reason 0
[2021.04.20-09.15.17:160][200]LogAIModule: Creating AISystem for world DanielsAudioTesting
[2021.04.20-09.15.17:166][200]LogAssetEditorManager: Opening Asset editor for World /Game/Maps/DanielsAudioTesting.DanielsAudioTesting
[2021.04.20-09.15.17:203][200]LogUObjectHash: Compacting FUObjectHashTables data took   1.24ms
[2021.04.20-09.15.17:204][200]Cmd: MAP LOAD FILE="../../../../../../DannesPC/Documents/GitHub/Heartwars/Heartwars/Content/Maps/DanielsAudioTesting.umap" TEMPLATE=0 SHOWPROGRESS=1 FEATURELEVEL=3
[2021.04.20-09.15.17:204][200]LightingResults: New page: Lighting Build
[2021.04.20-09.15.17:204][200]LoadErrors: New page: Loading map: DanielsAudioTesting.umap
[2021.04.20-09.15.17:204][200]LogWorld: UWorld::CleanupWorld for Untitled_1, bSessionEnded=true, bCleanupResources=true
[2021.04.20-09.15.17:205][200]MapCheck: New page: Map Check
[2021.04.20-09.15.17:205][200]LightingResults: New page: Lighting Build
[2021.04.20-09.15.17:225][200]LogUObjectHash: Compacting FUObjectHashTables data took   1.77ms
[2021.04.20-09.15.17:227][200]LogEditorServer: Finished looking for orphan Actors (0.000 secs)
[2021.04.20-09.15.17:250][200]LogUObjectHash: Compacting FUObjectHashTables data took   1.35ms
[2021.04.20-09.15.17:260][200]Cmd: MAP CHECKDEP NOCLEARLOG
[2021.04.20-09.15.17:261][200]MapCheck: Map check complete: 0 Error(s), 0 Warning(s), took 0.098ms to complete.
[2021.04.20-09.15.17:261][200]LogFileHelpers: Loading map 'DanielsAudioTesting' took 0.058
[2021.04.20-09.15.18:017][287]LogSlate: FSceneViewport::OnFocusLost() reason 0
[2021.04.20-09.15.18:210][309]LogAssetEditorManager: Opening Asset editor for MapBuildDataRegistry /Game/Maps/DanielsAudioTesting_BuiltData.DanielsAudioTesting_BuiltData
[2021.04.20-09.15.30:052][718]LogSlate: FSceneViewport::OnFocusLost() reason 0
[2021.04.20-09.15.30:142][729]LogTemp: Repeating last play command: Selected Viewport
[2021.04.20-09.15.30:149][729]LogBlueprintUserMessages: Early PlayInEditor Detection: Level '/Game/Maps/DanielsAudioTesting.DanielsAudioTesting:PersistentLevel' has LevelScriptBlueprint '/Game/Maps/DanielsAudioTesting.DanielsAudioTesting:PersistentLevel.DanielsAudioTesting' with GeneratedClass '/Game/Maps/DanielsAudioTesting.DanielsAudioTesting_C' with ClassGeneratedBy '/Game/Maps/DanielsAudioTesting.DanielsAudioTesting:PersistentLevel.DanielsAudioTesting'
[2021.04.20-09.15.30:149][729]LogPlayLevel: PlayLevel: No blueprints needed recompiling
[2021.04.20-09.15.30:149][729]PIE: New page: PIE session: DanielsAudioTesting (Apr 20, 2021, 1:15:30 PM)
[2021.04.20-09.15.30:149][729]LogPlayLevel: Creating play world package: /Game/Maps/UEDPIE_0_DanielsAudioTesting
[2021.04.20-09.15.30:151][729]LogPlayLevel: PIE: StaticDuplicateObject took: (0.002065s)
[2021.04.20-09.15.30:152][729]LogAIModule: Creating AISystem for world DanielsAudioTesting
[2021.04.20-09.15.30:152][729]LogPlayLevel: PIE: World Init took: (0.001039s)
[2021.04.20-09.15.30:152][729]LogPlayLevel: PIE: Created PIE world by copying editor world from /Game/Maps/DanielsAudioTesting.DanielsAudioTesting to /Game/Maps/UEDPIE_0_DanielsAudioTesting.DanielsAudioTesting (0.003295s)
[2021.04.20-09.15.30:173][729]LogUObjectHash: Compacting FUObjectHashTables data took   1.30ms
[2021.04.20-09.15.30:251][729]LogInit: XAudio2 using 'Speakers (High Definition Audio Device)' : 2 channels at 48 kHz using 16 bits per sample (channel mask 0x3)
[2021.04.20-09.15.30:270][729]LogInit: FAudioDevice initialized.
[2021.04.20-09.15.30:277][729]LogLoad: Game class is 'GameModeBase'
[2021.04.20-09.15.30:278][729]LogWorld: Bringing World /Game/Maps/UEDPIE_0_DanielsAudioTesting.DanielsAudioTesting up for play (max tick rate 0) at 2021.04.20-11.15.30
[2021.04.20-09.15.30:278][729]LogWorld: Bringing up level for play took: 0.000465
[2021.04.20-09.15.30:278][729]LogOnline: OSS: Creating online subsystem instance for: :Context_3
[2021.04.20-09.15.30:280][729]PIE: Play in editor start time for /Game/Maps/UEDPIE_0_DanielsAudioTesting 1.07
[2021.04.20-09.15.30:280][729]LogBlueprintUserMessages: Late PlayInEditor Detection: Level '/Game/Maps/DanielsAudioTesting.DanielsAudioTesting:PersistentLevel' has LevelScriptBlueprint '/Game/Maps/DanielsAudioTesting.DanielsAudioTesting:PersistentLevel.DanielsAudioTesting' with GeneratedClass '/Game/Maps/DanielsAudioTesting.DanielsAudioTesting_C' with ClassGeneratedBy '/Game/Maps/DanielsAudioTesting.DanielsAudioTesting:PersistentLevel.DanielsAudioTesting'
[2021.04.20-09.15.31:654][891]LogBlueprintUserMessages: Early EndPlayMap Detection: Level '/Game/Maps/DanielsAudioTesting.DanielsAudioTesting:PersistentLevel' has LevelScriptBlueprint '/Game/Maps/DanielsAudioTesting.DanielsAudioTesting:PersistentLevel.DanielsAudioTesting' with GeneratedClass '/Game/Maps/DanielsAudioTesting.DanielsAudioTesting_C' with ClassGeneratedBy '/Game/Maps/DanielsAudioTesting.DanielsAudioTesting:PersistentLevel.DanielsAudioTesting'
[2021.04.20-09.15.31:655][891]LogSlate: Updating window title bar state: overlay mode, drag disabled, window buttons hidden, title bar hidden
[2021.04.20-09.15.31:655][891]LogWorld: BeginTearingDown for /Game/Maps/UEDPIE_0_DanielsAudioTesting
[2021.04.20-09.15.31:655][891]LogWorld: UWorld::CleanupWorld for DanielsAudioTesting, bSessionEnded=true, bCleanupResources=true
[2021.04.20-09.15.31:662][891]LogPlayLevel: Display: Shutting down PIE online subsystems
[2021.04.20-09.15.31:662][891]LogBlueprintUserMessages: Late EndPlayMap Detection: Level '/Game/Maps/DanielsAudioTesting.DanielsAudioTesting:PersistentLevel' has LevelScriptBlueprint '/Game/Maps/DanielsAudioTesting.DanielsAudioTesting:PersistentLevel.DanielsAudioTesting' with GeneratedClass '/Game/Maps/DanielsAudioTesting.DanielsAudioTesting_C' with ClassGeneratedBy '/Game/Maps/DanielsAudioTesting.DanielsAudioTesting:PersistentLevel.DanielsAudioTesting'
[2021.04.20-09.15.31:686][891]LogSlate: Updating window title bar state: overlay mode, drag disabled, window buttons hidden, title bar hidden
[2021.04.20-09.15.31:688][891]LogUObjectHash: Compacting FUObjectHashTables data took   1.34ms
[2021.04.20-09.15.31:758][899]LogPlayLevel: Display: Destroying online subsystem :Context_3
[2021.04.20-09.16.03:305][676]LogSlate: FSceneViewport::OnFocusLost() reason 0
[2021.04.20-09.16.27:631][997]LogSlate: FSceneViewport::OnFocusLost() reason 0
[2021.04.20-09.17.25:337][676]LogEditorSessionSummary: EditorSessionSummary sent report. Type=Shutdown, SessionId={9347CE4A-47D8-ABF9-724E-5A951ACD9BA6}
